
main.elf:     file format elf32-littlearm

SYMBOL TABLE:
08000000 l    d  .text	00000000 .text
20000000 l    d  .data	00000000 .data
20000438 l    d  .bss	00000000 .bss
00000000 l    d  .ARM.attributes	00000000 .ARM.attributes
00000000 l    d  .comment	00000000 .comment
00000000 l    d  .debug_info	00000000 .debug_info
00000000 l    d  .debug_abbrev	00000000 .debug_abbrev
00000000 l    d  .debug_aranges	00000000 .debug_aranges
00000000 l    d  .debug_ranges	00000000 .debug_ranges
00000000 l    d  .debug_line	00000000 .debug_line
00000000 l    d  .debug_str	00000000 .debug_str
00000000 l    d  .debug_frame	00000000 .debug_frame
00000000 l    df *ABS*	00000000 C:\Users\Ramadan\AppData\Local\Temp\cczxiEII.o
08000378 l       .text	00000000 LoopCopyDataInit
08000370 l       .text	00000000 CopyDataInit
0800038c l       .text	00000000 LoopFillZerobss
08000386 l       .text	00000000 FillZerobss
080003b8 l       .text	00000000 Infinite_Loop
00000000 l    df *ABS*	00000000 crtstuff.c
08000c98 l     O .text	00000000 __EH_FRAME_BEGIN__
08000194 l     F .text	00000000 __do_global_dtors_aux
20000438 l       .bss	00000001 completed.1
20000434 l     O .data	00000000 __do_global_dtors_aux_fini_array_entry
080001b8 l     F .text	00000000 frame_dummy
2000043c l       .bss	00000018 object.0
20000430 l     O .data	00000000 __frame_dummy_init_array_entry
00000000 l    df *ABS*	00000000 main.c
00000000 l    df *ABS*	00000000 system_stm32f4xx.c
00000000 l    df *ABS*	00000000 stm32f4xx_it.c
00000000 l    df *ABS*	00000000 stm32f4xx_hal.c
20000454 l       .bss	00000004 uwTick
00000000 l    df *ABS*	00000000 stm32f4xx_hal_cortex.c
0800060c l     F .text	00000048 NVIC_SetPriorityGrouping
08000654 l     F .text	0000001c NVIC_GetPriorityGrouping
08000670 l     F .text	00000034 NVIC_EnableIRQ
080006a4 l     F .text	00000034 NVIC_DisableIRQ
080006d8 l     F .text	00000040 NVIC_GetPendingIRQ
08000718 l     F .text	00000034 NVIC_SetPendingIRQ
0800074c l     F .text	00000034 NVIC_ClearPendingIRQ
08000780 l     F .text	00000040 NVIC_GetActive
080007c0 l     F .text	00000054 NVIC_SetPriority
08000814 l     F .text	00000050 NVIC_GetPriority
08000864 l     F .text	00000066 NVIC_EncodePriority
080008ca l     F .text	0000006e NVIC_DecodePriority
08000938 l     F .text	0000002c NVIC_SystemReset
08000964 l     F .text	00000044 SysTick_Config
00000000 l    df *ABS*	00000000 init.c
00000000 l    df *ABS*	00000000 __call_atexit.c
08000b9c l     F .text	00000014 register_fini
00000000 l    df *ABS*	00000000 atexit.c
00000000 l    df *ABS*	00000000 fini.c
00000000 l    df *ABS*	00000000 lock.c
00000000 l    df *ABS*	00000000 __atexit.c
00000000 l    df *ABS*	00000000 c:/programdata/chocolatey/lib/gcc-arm-embedded/tools/gcc-arm-none-eabi-10-2020-q4-major/bin/../lib/gcc/arm-none-eabi/10.2.1/thumb/v7e-m+fp/hard/crti.o
00000000 l    df *ABS*	00000000 c:/programdata/chocolatey/lib/gcc-arm-embedded/tools/gcc-arm-none-eabi-10-2020-q4-major/bin/../lib/gcc/arm-none-eabi/10.2.1/thumb/v7e-m+fp/hard/crtn.o
00000000 l    df *ABS*	00000000 impure.c
20000000 l     O .data	00000428 impure_data
00000000 l    df *ABS*	00000000 crtstuff.c
08000c98 l     O .text	00000000 __FRAME_END__
00000000 l    df *ABS*	00000000 
20000438 l       .data	00000000 __fini_array_end
20000434 l       .data	00000000 __fini_array_start
20000434 l       .data	00000000 __init_array_end
2000042c l       .data	00000000 __preinit_array_end
2000042c l       .data	00000000 __init_array_start
2000042c l       .data	00000000 __preinit_array_start
080003b8  w    F .text	00000002 RTC_Alarm_IRQHandler
080003b8  w    F .text	00000002 EXTI2_IRQHandler
08000340 g     F .text	0000000e DebugMon_Handler
080003b8  w    F .text	00000002 SPI4_IRQHandler
20000000 g       .data	00000000 __data_start__
20000458 g     O .bss	00000001 __lock___atexit_recursive_mutex
080009be g     F .text	00000038 HAL_NVIC_SetPriority
080003b8  w    F .text	00000002 TIM1_CC_IRQHandler
080003b8  w    F .text	00000002 DMA2_Stream5_IRQHandler
0800031a g     F .text	00000006 HardFault_Handler
080003b8  w    F .text	00000002 DMA1_Stream5_IRQHandler
0800035c g     F .text	0000000c SysTick_Handler
080003b8  w    F .text	00000002 PVD_IRQHandler
080003b8  w    F .text	00000002 SDIO_IRQHandler
080003b8  w    F .text	00000002 TAMP_STAMP_IRQHandler
08000c9c g       *ABS*	00000000 _sidata
0800034e g     F .text	0000000e PendSV_Handler
0800030c g     F .text	0000000e NMI_Handler
080009f6 g     F .text	0000001c HAL_NVIC_EnableIRQ
08000c9c g       .text	00000000 __exidx_end
080003b8  w    F .text	00000002 EXTI3_IRQHandler
20000428 g     O .data	00000004 __atexit_recursive_mutex
08000c9c g       .text	00000000 __etext
08000400 g     F .text	00000058 HAL_DeInit
08000458  w    F .text	0000000e HAL_MspInit
08000b44  w    F .text	0000000e HAL_SYSTICK_Callback
080003b8  w    F .text	00000002 TIM1_UP_TIM10_IRQHandler
0800057c g     F .text	00000020 HAL_DisableDBGStopMode
20000438 g       .bss	00000000 _sbss
080004e6 g     F .text	0000001a HAL_GetREVID
08000264 g     F .text	0000003a delayMs
080003b8  w    F .text	00000002 I2C3_ER_IRQHandler
08000500 g     F .text	0000001c HAL_GetDEVID
0800059c g     F .text	00000020 HAL_EnableDBGStandbyMode
0800051c g     F .text	00000020 HAL_EnableDBGSleepMode
080003b8  w    F .text	00000002 EXTI0_IRQHandler
080003b8  w    F .text	00000002 I2C2_EV_IRQHandler
080003b8  w    F .text	00000002 DMA1_Stream2_IRQHandler
080004a8 g     F .text	0000002c HAL_Delay
080003b8  w    F .text	00000002 FPU_IRQHandler
08000ac6 g     F .text	0000001c HAL_NVIC_ClearPendingIRQ
0800032c g     F .text	00000006 UsageFault_Handler
080003b8  w    F .text	00000002 DMA2_Stream2_IRQHandler
2000045c g       .ARM.attributes	00000000 __HeapLimit
20000438 g       .bss	00000000 __bss_start__
20000000 g       .data	00000000 _sdata
080003b8  w    F .text	00000002 SPI1_IRQHandler
08000a52 g     F .text	0000000e HAL_NVIC_GetPriorityGrouping
080003b8  w    F .text	00000002 TIM1_BRK_TIM9_IRQHandler
08000a3a g     F .text	00000018 HAL_SYSTICK_Config
08000c9c g       .text	00000000 __exidx_start
080003b8  w    F .text	00000002 DMA2_Stream3_IRQHandler
08000c94 g     O .text	00000004 _global_impure_ptr
08000a2e g     F .text	0000000c HAL_NVIC_SystemReset
08000b54 g     F .text	00000048 __libc_init_array
080003b8  w    F .text	00000002 USART6_IRQHandler
08000c7c g     F .text	00000000 _init
08000bbc g     F .text	0000002c __libc_fini_array
2000045c g       .bss	00000000 _ebss
08000368  w    F .text	00000038 Reset_Handler
080003b8  w    F .text	00000002 DMA2_Stream0_IRQHandler
080003bc g     F .text	00000044 HAL_Init
080003b8  w    F .text	00000002 TIM4_IRQHandler
080003b8  w    F .text	00000002 I2C1_EV_IRQHandler
08000bec g     F .text	00000002 __retarget_lock_release_recursive
080003b8  w    F .text	00000002 DMA1_Stream6_IRQHandler
20000438 g       .data	00000000 __data_end__
080003b8  w    F .text	00000002 DMA1_Stream1_IRQHandler
2000045c g       .bss	00000000 __bss_end__
080003b8  w    F .text	00000002 TIM3_IRQHandler
080003b8  w    F .text	00000002 RCC_IRQHandler
080003b8 g       .text	00000002 Default_Handler
080005bc g     F .text	00000020 HAL_DisableDBGStandbyMode
080003b8  w    F .text	00000002 EXTI15_10_IRQHandler
08000bf0 g     F .text	0000008c __register_exitproc
080003b8  w    F .text	00000002 ADC_IRQHandler
080009a8 g     F .text	00000016 HAL_NVIC_SetPriorityGrouping
080003b8  w    F .text	00000002 DMA1_Stream7_IRQHandler
08000a12 g     F .text	0000001c HAL_NVIC_DisableIRQ
080003b8  w    F .text	00000002 TIM5_IRQHandler
080003b8  w    F .text	00000002 DMA2_Stream7_IRQHandler
080003b8  w    F .text	00000002 I2C3_EV_IRQHandler
080003b8  w    F .text	00000002 EXTI9_5_IRQHandler
080003b8  w    F .text	00000002 RTC_WKUP_IRQHandler
080004d4 g     F .text	00000012 HAL_GetHalVersion
08000490 g     F .text	00000018 HAL_GetTick
080003b8  w    F .text	00000002 SPI2_IRQHandler
08000be8 g     F .text	00000002 __retarget_lock_acquire_recursive
08000320 g     F .text	00000006 MemManage_Handler
080001d4 g     F .text	00000090 main
08000ae2 g     F .text	0000001e HAL_NVIC_GetActive
080003b8  w    F .text	00000002 DMA1_Stream0_IRQHandler
0800055c g     F .text	00000020 HAL_EnableDBGStopMode
08000332 g     F .text	0000000e SVC_Handler
080005f4 g     F .text	00000018 HAL_DisableCompensationCell
2000045c g       .ARM.attributes	00000000 __end__
080003b8  w    F .text	00000002 EXTI4_IRQHandler
0800053c g     F .text	00000020 HAL_DisableDBGSleepMode
080002a0 g     F .text	0000006c SystemInit
08000c88 g     F .text	00000000 _fini
08000aa8 g     F .text	0000001e HAL_NVIC_GetPendingIRQ
08000bb0 g     F .text	0000000c atexit
20018000 g       .bss	00000000 __StackTop
08000474 g     F .text	0000001c HAL_IncTick
080003b8  w    F .text	00000002 WWDG_IRQHandler
080003b8  w    F .text	00000002 TIM2_IRQHandler
080003b8  w    F .text	00000002 OTG_FS_WKUP_IRQHandler
080003b8  w    F .text	00000002 TIM1_TRG_COM_TIM11_IRQHandler
08000b00 g     F .text	00000038 HAL_SYSTICK_CLKSourceConfig
20017fff g       *ABS*	00000000 _estack
20018000 g       *ABS*	00000000 __stack
080003b8  w    F .text	00000002 EXTI1_IRQHandler
08000466  w    F .text	0000000e HAL_MspDeInit
20000438 g       .data	00000000 _edata
20018000 g       *ABS*	00000000 __StackLimit
080003b8  w    F .text	00000002 USART2_IRQHandler
08000000 g     O .text	00000000 g_pfnVectors
080003b8  w    F .text	00000002 I2C2_ER_IRQHandler
080003b8  w    F .text	00000002 DMA2_Stream1_IRQHandler
08000a60 g     F .text	0000002c HAL_NVIC_GetPriority
080003b8  w    F .text	00000002 FLASH_IRQHandler
080003b8  w    F .text	00000002 DMA2_Stream4_IRQHandler
08000326 g     F .text	00000006 BusFault_Handler
080003b8  w    F .text	00000002 USART1_IRQHandler
08000b38 g     F .text	0000000c HAL_SYSTICK_IRQHandler
080003b8  w    F .text	00000002 OTG_FS_IRQHandler
080003b8  w    F .text	00000002 SPI3_IRQHandler
080003b8  w    F .text	00000002 DMA1_Stream4_IRQHandler
080005dc g     F .text	00000018 HAL_EnableCompensationCell
080003b8  w    F .text	00000002 I2C1_ER_IRQHandler
08000a8c g     F .text	0000001c HAL_NVIC_SetPendingIRQ
080003b8  w    F .text	00000002 DMA2_Stream6_IRQHandler
080003b8  w    F .text	00000002 DMA1_Stream3_IRQHandler



Disassembly of section .text:

08000000 <g_pfnVectors>:
 8000000:	ff 7f 01 20 69 03 00 08 0d 03 00 08 1b 03 00 08     ... i...........
 8000010:	21 03 00 08 27 03 00 08 2d 03 00 08 00 00 00 00     !...'...-.......
	...
 800002c:	33 03 00 08 41 03 00 08 00 00 00 00 4f 03 00 08     3...A.......O...
 800003c:	5d 03 00 08 b9 03 00 08 b9 03 00 08 b9 03 00 08     ]...............
 800004c:	b9 03 00 08 b9 03 00 08 b9 03 00 08 b9 03 00 08     ................
 800005c:	b9 03 00 08 b9 03 00 08 b9 03 00 08 b9 03 00 08     ................
 800006c:	b9 03 00 08 b9 03 00 08 b9 03 00 08 b9 03 00 08     ................
 800007c:	b9 03 00 08 b9 03 00 08 b9 03 00 08 b9 03 00 08     ................
	...
 800009c:	b9 03 00 08 b9 03 00 08 b9 03 00 08 b9 03 00 08     ................
 80000ac:	b9 03 00 08 b9 03 00 08 b9 03 00 08 b9 03 00 08     ................
 80000bc:	b9 03 00 08 b9 03 00 08 b9 03 00 08 b9 03 00 08     ................
 80000cc:	b9 03 00 08 b9 03 00 08 b9 03 00 08 b9 03 00 08     ................
 80000dc:	00 00 00 00 b9 03 00 08 b9 03 00 08 b9 03 00 08     ................
	...
 80000fc:	b9 03 00 08 00 00 00 00 b9 03 00 08 b9 03 00 08     ................
 800010c:	b9 03 00 08 00 00 00 00 00 00 00 00 00 00 00 00     ................
 800011c:	00 00 00 00 b9 03 00 08 b9 03 00 08 b9 03 00 08     ................
 800012c:	b9 03 00 08 b9 03 00 08 00 00 00 00 00 00 00 00     ................
	...
 800014c:	b9 03 00 08 b9 03 00 08 b9 03 00 08 b9 03 00 08     ................
 800015c:	b9 03 00 08 b9 03 00 08 b9 03 00 08 00 00 00 00     ................
	...
 8000184:	b9 03 00 08 00 00 00 00 00 00 00 00 b9 03 00 08     ................

08000194 <__do_global_dtors_aux>:
 8000194:	b510      	push	{r4, lr}
 8000196:	4c05      	ldr	r4, [pc, #20]	; (80001ac <__do_global_dtors_aux+0x18>)
 8000198:	7823      	ldrb	r3, [r4, #0]
 800019a:	b933      	cbnz	r3, 80001aa <__do_global_dtors_aux+0x16>
 800019c:	4b04      	ldr	r3, [pc, #16]	; (80001b0 <__do_global_dtors_aux+0x1c>)
 800019e:	b113      	cbz	r3, 80001a6 <__do_global_dtors_aux+0x12>
 80001a0:	4804      	ldr	r0, [pc, #16]	; (80001b4 <__do_global_dtors_aux+0x20>)
 80001a2:	f3af 8000 	nop.w
 80001a6:	2301      	movs	r3, #1
 80001a8:	7023      	strb	r3, [r4, #0]
 80001aa:	bd10      	pop	{r4, pc}
 80001ac:	20000438 	.word	0x20000438
 80001b0:	00000000 	.word	0x00000000
 80001b4:	08000c98 	.word	0x08000c98

080001b8 <frame_dummy>:
 80001b8:	b508      	push	{r3, lr}
 80001ba:	4b03      	ldr	r3, [pc, #12]	; (80001c8 <frame_dummy+0x10>)
 80001bc:	b11b      	cbz	r3, 80001c6 <frame_dummy+0xe>
 80001be:	4903      	ldr	r1, [pc, #12]	; (80001cc <frame_dummy+0x14>)
 80001c0:	4803      	ldr	r0, [pc, #12]	; (80001d0 <frame_dummy+0x18>)
 80001c2:	f3af 8000 	nop.w
 80001c6:	bd08      	pop	{r3, pc}
 80001c8:	00000000 	.word	0x00000000
 80001cc:	2000043c 	.word	0x2000043c
 80001d0:	08000c98 	.word	0x08000c98

080001d4 <main>:
#include "stm32f4xx.h"

void delayMs(int n);

int main(void)
{
 80001d4:	b580      	push	{r7, lr}
 80001d6:	af00      	add	r7, sp, #0
  RCC->AHB1ENR |= 1; /* enable GPIOA clock */
 80001d8:	4b1f      	ldr	r3, [pc, #124]	; (8000258 <main+0x84>)
 80001da:	6b1b      	ldr	r3, [r3, #48]	; 0x30
 80001dc:	4a1e      	ldr	r2, [pc, #120]	; (8000258 <main+0x84>)
 80001de:	f043 0301 	orr.w	r3, r3, #1
 80001e2:	6313      	str	r3, [r2, #48]	; 0x30

  GPIOA->MODER &= ~0x00000C00; /* clear pin mode */
 80001e4:	4b1d      	ldr	r3, [pc, #116]	; (800025c <main+0x88>)
 80001e6:	681b      	ldr	r3, [r3, #0]
 80001e8:	4a1c      	ldr	r2, [pc, #112]	; (800025c <main+0x88>)
 80001ea:	f423 6340 	bic.w	r3, r3, #3072	; 0xc00
 80001ee:	6013      	str	r3, [r2, #0]
  GPIOA->MODER |= 0x00000400;  /* set pin to output mode */
 80001f0:	4b1a      	ldr	r3, [pc, #104]	; (800025c <main+0x88>)
 80001f2:	681b      	ldr	r3, [r3, #0]
 80001f4:	4a19      	ldr	r2, [pc, #100]	; (800025c <main+0x88>)
 80001f6:	f443 6380 	orr.w	r3, r3, #1024	; 0x400
 80001fa:	6013      	str	r3, [r2, #0]
  GPIOB->MODER &= 0x00000400;  /* set pin to output mode */
 80001fc:	4b18      	ldr	r3, [pc, #96]	; (8000260 <main+0x8c>)
 80001fe:	681b      	ldr	r3, [r3, #0]
 8000200:	4a17      	ldr	r2, [pc, #92]	; (8000260 <main+0x8c>)
 8000202:	f403 6380 	and.w	r3, r3, #1024	; 0x400
 8000206:	6013      	str	r3, [r2, #0]
  GPIOB->MODER |= 0x00000400;  /* set pin to output mode */
 8000208:	4b15      	ldr	r3, [pc, #84]	; (8000260 <main+0x8c>)
 800020a:	681b      	ldr	r3, [r3, #0]
 800020c:	4a14      	ldr	r2, [pc, #80]	; (8000260 <main+0x8c>)
 800020e:	f443 6380 	orr.w	r3, r3, #1024	; 0x400
 8000212:	6013      	str	r3, [r2, #0]

  while (1)
  {
    GPIOA->ODR |= 0x00000020; /* turn on LED */
 8000214:	4b11      	ldr	r3, [pc, #68]	; (800025c <main+0x88>)
 8000216:	695b      	ldr	r3, [r3, #20]
 8000218:	4a10      	ldr	r2, [pc, #64]	; (800025c <main+0x88>)
 800021a:	f043 0320 	orr.w	r3, r3, #32
 800021e:	6153      	str	r3, [r2, #20]
    GPIOB->ODR |= 0x00000020; /* turn on LED */
 8000220:	4b0f      	ldr	r3, [pc, #60]	; (8000260 <main+0x8c>)
 8000222:	695b      	ldr	r3, [r3, #20]
 8000224:	4a0e      	ldr	r2, [pc, #56]	; (8000260 <main+0x8c>)
 8000226:	f043 0320 	orr.w	r3, r3, #32
 800022a:	6153      	str	r3, [r2, #20]
    delayMs(500);
 800022c:	f44f 70fa 	mov.w	r0, #500	; 0x1f4
 8000230:	f000 f818 	bl	8000264 <delayMs>
    GPIOA->ODR &= ~0x00000020; /* turn off LED */
 8000234:	4b09      	ldr	r3, [pc, #36]	; (800025c <main+0x88>)
 8000236:	695b      	ldr	r3, [r3, #20]
 8000238:	4a08      	ldr	r2, [pc, #32]	; (800025c <main+0x88>)
 800023a:	f023 0320 	bic.w	r3, r3, #32
 800023e:	6153      	str	r3, [r2, #20]
    GPIOB->ODR &= ~0x00000020; /* turn off LED */
 8000240:	4b07      	ldr	r3, [pc, #28]	; (8000260 <main+0x8c>)
 8000242:	695b      	ldr	r3, [r3, #20]
 8000244:	4a06      	ldr	r2, [pc, #24]	; (8000260 <main+0x8c>)
 8000246:	f023 0320 	bic.w	r3, r3, #32
 800024a:	6153      	str	r3, [r2, #20]
    delayMs(500);
 800024c:	f44f 70fa 	mov.w	r0, #500	; 0x1f4
 8000250:	f000 f808 	bl	8000264 <delayMs>
    GPIOA->ODR |= 0x00000020; /* turn on LED */
 8000254:	e7de      	b.n	8000214 <main+0x40>
 8000256:	bf00      	nop
 8000258:	40023800 	.word	0x40023800
 800025c:	40020000 	.word	0x40020000
 8000260:	40020400 	.word	0x40020400

08000264 <delayMs>:
  }
}

/* 16 MHz SYSCLK */
void delayMs(int n)
{
 8000264:	b480      	push	{r7}
 8000266:	b085      	sub	sp, #20
 8000268:	af00      	add	r7, sp, #0
 800026a:	6078      	str	r0, [r7, #4]
  int i;
  for (; n > 0; n--)
 800026c:	e00d      	b.n	800028a <delayMs+0x26>
    for (i = 0; i < 3195; i++)
 800026e:	2300      	movs	r3, #0
 8000270:	60fb      	str	r3, [r7, #12]
 8000272:	e002      	b.n	800027a <delayMs+0x16>
 8000274:	68fb      	ldr	r3, [r7, #12]
 8000276:	3301      	adds	r3, #1
 8000278:	60fb      	str	r3, [r7, #12]
 800027a:	68fb      	ldr	r3, [r7, #12]
 800027c:	f640 427a 	movw	r2, #3194	; 0xc7a
 8000280:	4293      	cmp	r3, r2
 8000282:	ddf7      	ble.n	8000274 <delayMs+0x10>
  for (; n > 0; n--)
 8000284:	687b      	ldr	r3, [r7, #4]
 8000286:	3b01      	subs	r3, #1
 8000288:	607b      	str	r3, [r7, #4]
 800028a:	687b      	ldr	r3, [r7, #4]
 800028c:	2b00      	cmp	r3, #0
 800028e:	dcee      	bgt.n	800026e <delayMs+0xa>
      ;
}
 8000290:	bf00      	nop
 8000292:	bf00      	nop
 8000294:	3714      	adds	r7, #20
 8000296:	46bd      	mov	sp, r7
 8000298:	f85d 7b04 	ldr.w	r7, [sp], #4
 800029c:	4770      	bx	lr
	...

080002a0 <SystemInit>:
  *         configuration.
  * @param  None
  * @retval None
  */
void SystemInit(void)
{
 80002a0:	b480      	push	{r7}
 80002a2:	af00      	add	r7, sp, #0
  /* FPU settings ------------------------------------------------------------*/
  #if (__FPU_PRESENT == 1) && (__FPU_USED == 1)
    SCB->CPACR |= ((3UL << 10*2)|(3UL << 11*2));  /* set CP10 and CP11 Full Access */
 80002a4:	4b16      	ldr	r3, [pc, #88]	; (8000300 <SystemInit+0x60>)
 80002a6:	f8d3 3088 	ldr.w	r3, [r3, #136]	; 0x88
 80002aa:	4a15      	ldr	r2, [pc, #84]	; (8000300 <SystemInit+0x60>)
 80002ac:	f443 0370 	orr.w	r3, r3, #15728640	; 0xf00000
 80002b0:	f8c2 3088 	str.w	r3, [r2, #136]	; 0x88
  #endif
  /* Reset the RCC clock configuration to the default reset state ------------*/
  /* Set HSION bit */
  RCC->CR |= (uint32_t)0x00000001;
 80002b4:	4b13      	ldr	r3, [pc, #76]	; (8000304 <SystemInit+0x64>)
 80002b6:	681b      	ldr	r3, [r3, #0]
 80002b8:	4a12      	ldr	r2, [pc, #72]	; (8000304 <SystemInit+0x64>)
 80002ba:	f043 0301 	orr.w	r3, r3, #1
 80002be:	6013      	str	r3, [r2, #0]

  /* Reset CFGR register */
  RCC->CFGR = 0x00000000;
 80002c0:	4b10      	ldr	r3, [pc, #64]	; (8000304 <SystemInit+0x64>)
 80002c2:	2200      	movs	r2, #0
 80002c4:	609a      	str	r2, [r3, #8]

  /* Reset HSEON, CSSON and PLLON bits */
  RCC->CR &= (uint32_t)0xFEF6FFFF;
 80002c6:	4b0f      	ldr	r3, [pc, #60]	; (8000304 <SystemInit+0x64>)
 80002c8:	681b      	ldr	r3, [r3, #0]
 80002ca:	4a0e      	ldr	r2, [pc, #56]	; (8000304 <SystemInit+0x64>)
 80002cc:	f023 7384 	bic.w	r3, r3, #17301504	; 0x1080000
 80002d0:	f423 3380 	bic.w	r3, r3, #65536	; 0x10000
 80002d4:	6013      	str	r3, [r2, #0]

  /* Reset PLLCFGR register */
  RCC->PLLCFGR = 0x24003010;
 80002d6:	4b0b      	ldr	r3, [pc, #44]	; (8000304 <SystemInit+0x64>)
 80002d8:	4a0b      	ldr	r2, [pc, #44]	; (8000308 <SystemInit+0x68>)
 80002da:	605a      	str	r2, [r3, #4]

  /* Reset HSEBYP bit */
  RCC->CR &= (uint32_t)0xFFFBFFFF;
 80002dc:	4b09      	ldr	r3, [pc, #36]	; (8000304 <SystemInit+0x64>)
 80002de:	681b      	ldr	r3, [r3, #0]
 80002e0:	4a08      	ldr	r2, [pc, #32]	; (8000304 <SystemInit+0x64>)
 80002e2:	f423 2380 	bic.w	r3, r3, #262144	; 0x40000
 80002e6:	6013      	str	r3, [r2, #0]

  /* Disable all interrupts */
  RCC->CIR = 0x00000000;
 80002e8:	4b06      	ldr	r3, [pc, #24]	; (8000304 <SystemInit+0x64>)
 80002ea:	2200      	movs	r2, #0
 80002ec:	60da      	str	r2, [r3, #12]

  /* Configure the Vector Table location add offset address ------------------*/
#ifdef VECT_TAB_SRAM
  SCB->VTOR = SRAM_BASE | VECT_TAB_OFFSET; /* Vector Table Relocation in Internal SRAM */
#else
  SCB->VTOR = FLASH_BASE | VECT_TAB_OFFSET; /* Vector Table Relocation in Internal FLASH */
 80002ee:	4b04      	ldr	r3, [pc, #16]	; (8000300 <SystemInit+0x60>)
 80002f0:	f04f 6200 	mov.w	r2, #134217728	; 0x8000000
 80002f4:	609a      	str	r2, [r3, #8]
#endif
}
 80002f6:	bf00      	nop
 80002f8:	46bd      	mov	sp, r7
 80002fa:	f85d 7b04 	ldr.w	r7, [sp], #4
 80002fe:	4770      	bx	lr
 8000300:	e000ed00 	.word	0xe000ed00
 8000304:	40023800 	.word	0x40023800
 8000308:	24003010 	.word	0x24003010

0800030c <NMI_Handler>:
  * @brief   This function handles NMI exception.
  * @param  None
  * @retval None
  */
void NMI_Handler(void)
{
 800030c:	b480      	push	{r7}
 800030e:	af00      	add	r7, sp, #0
}
 8000310:	bf00      	nop
 8000312:	46bd      	mov	sp, r7
 8000314:	f85d 7b04 	ldr.w	r7, [sp], #4
 8000318:	4770      	bx	lr

0800031a <HardFault_Handler>:
  * @brief  This function handles Hard Fault exception.
  * @param  None
  * @retval None
  */
void HardFault_Handler(void)
{
 800031a:	b480      	push	{r7}
 800031c:	af00      	add	r7, sp, #0
  /* Go to infinite loop when Hard Fault exception occurs */
  while (1)
 800031e:	e7fe      	b.n	800031e <HardFault_Handler+0x4>

08000320 <MemManage_Handler>:
  * @brief  This function handles Memory Manage exception.
  * @param  None
  * @retval None
  */
void MemManage_Handler(void)
{
 8000320:	b480      	push	{r7}
 8000322:	af00      	add	r7, sp, #0
  /* Go to infinite loop when Memory Manage exception occurs */
  while (1)
 8000324:	e7fe      	b.n	8000324 <MemManage_Handler+0x4>

08000326 <BusFault_Handler>:
  * @brief  This function handles Bus Fault exception.
  * @param  None
  * @retval None
  */
void BusFault_Handler(void)
{
 8000326:	b480      	push	{r7}
 8000328:	af00      	add	r7, sp, #0
  /* Go to infinite loop when Bus Fault exception occurs */
  while (1)
 800032a:	e7fe      	b.n	800032a <BusFault_Handler+0x4>

0800032c <UsageFault_Handler>:
  * @brief  This function handles Usage Fault exception.
  * @param  None
  * @retval None
  */
void UsageFault_Handler(void)
{
 800032c:	b480      	push	{r7}
 800032e:	af00      	add	r7, sp, #0
  /* Go to infinite loop when Usage Fault exception occurs */
  while (1)
 8000330:	e7fe      	b.n	8000330 <UsageFault_Handler+0x4>

08000332 <SVC_Handler>:
  * @brief  This function handles SVCall exception.
  * @param  None
  * @retval None
  */
void SVC_Handler(void)
{
 8000332:	b480      	push	{r7}
 8000334:	af00      	add	r7, sp, #0
}
 8000336:	bf00      	nop
 8000338:	46bd      	mov	sp, r7
 800033a:	f85d 7b04 	ldr.w	r7, [sp], #4
 800033e:	4770      	bx	lr

08000340 <DebugMon_Handler>:
  * @brief  This function handles Debug Monitor exception.
  * @param  None
  * @retval None
  */
void DebugMon_Handler(void)
{
 8000340:	b480      	push	{r7}
 8000342:	af00      	add	r7, sp, #0
}
 8000344:	bf00      	nop
 8000346:	46bd      	mov	sp, r7
 8000348:	f85d 7b04 	ldr.w	r7, [sp], #4
 800034c:	4770      	bx	lr

0800034e <PendSV_Handler>:
  * @brief  This function handles PendSVC exception.
  * @param  None
  * @retval None
  */
void PendSV_Handler(void)
{
 800034e:	b480      	push	{r7}
 8000350:	af00      	add	r7, sp, #0
}
 8000352:	bf00      	nop
 8000354:	46bd      	mov	sp, r7
 8000356:	f85d 7b04 	ldr.w	r7, [sp], #4
 800035a:	4770      	bx	lr

0800035c <SysTick_Handler>:
  * @brief  This function handles SysTick Handler.
  * @param  None
  * @retval None
  */
void SysTick_Handler(void)
{
 800035c:	b580      	push	{r7, lr}
 800035e:	af00      	add	r7, sp, #0
  HAL_IncTick();
 8000360:	f000 f888 	bl	8000474 <HAL_IncTick>
}
 8000364:	bf00      	nop
 8000366:	bd80      	pop	{r7, pc}

08000368 <Reset_Handler>:

    .section  .text.Reset_Handler
  .weak  Reset_Handler
  .type  Reset_Handler, %function
Reset_Handler:  
  ldr   sp, =_estack    		 /* set stack pointer */
 8000368:	f8df d034 	ldr.w	sp, [pc, #52]	; 80003a0 <LoopFillZerobss+0x14>

/* Copy the data segment initializers from flash to SRAM */  
  movs  r1, #0
 800036c:	2100      	movs	r1, #0
  b  LoopCopyDataInit
 800036e:	e003      	b.n	8000378 <LoopCopyDataInit>

08000370 <CopyDataInit>:

CopyDataInit:
  ldr  r3, =_sidata
 8000370:	4b0c      	ldr	r3, [pc, #48]	; (80003a4 <LoopFillZerobss+0x18>)
  ldr  r3, [r3, r1]
 8000372:	585b      	ldr	r3, [r3, r1]
  str  r3, [r0, r1]
 8000374:	5043      	str	r3, [r0, r1]
  adds  r1, r1, #4
 8000376:	3104      	adds	r1, #4

08000378 <LoopCopyDataInit>:
    
LoopCopyDataInit:
  ldr  r0, =_sdata
 8000378:	480b      	ldr	r0, [pc, #44]	; (80003a8 <LoopFillZerobss+0x1c>)
  ldr  r3, =_edata
 800037a:	4b0c      	ldr	r3, [pc, #48]	; (80003ac <LoopFillZerobss+0x20>)
  adds  r2, r0, r1
 800037c:	1842      	adds	r2, r0, r1
  cmp  r2, r3
 800037e:	429a      	cmp	r2, r3
  bcc  CopyDataInit
 8000380:	d3f6      	bcc.n	8000370 <CopyDataInit>
  ldr  r2, =_sbss
 8000382:	4a0b      	ldr	r2, [pc, #44]	; (80003b0 <LoopFillZerobss+0x24>)
  b  LoopFillZerobss
 8000384:	e002      	b.n	800038c <LoopFillZerobss>

08000386 <FillZerobss>:
/* Zero fill the bss segment. */  
FillZerobss:
  movs  r3, #0
 8000386:	2300      	movs	r3, #0
  str  r3, [r2], #4
 8000388:	f842 3b04 	str.w	r3, [r2], #4

0800038c <LoopFillZerobss>:
    
LoopFillZerobss:
  ldr  r3, = _ebss
 800038c:	4b09      	ldr	r3, [pc, #36]	; (80003b4 <LoopFillZerobss+0x28>)
  cmp  r2, r3
 800038e:	429a      	cmp	r2, r3
  bcc  FillZerobss
 8000390:	d3f9      	bcc.n	8000386 <FillZerobss>

/* Call the clock system intitialization function.*/
  bl  SystemInit   
 8000392:	f7ff ff85 	bl	80002a0 <SystemInit>
/* Call static constructors */
    bl __libc_init_array
 8000396:	f000 fbdd 	bl	8000b54 <__libc_init_array>
/* Call the application's entry point.*/
  bl  main
 800039a:	f7ff ff1b 	bl	80001d4 <main>
  bx  lr    
 800039e:	4770      	bx	lr
  ldr   sp, =_estack    		 /* set stack pointer */
 80003a0:	20017fff 	.word	0x20017fff
  ldr  r3, =_sidata
 80003a4:	08000c9c 	.word	0x08000c9c
  ldr  r0, =_sdata
 80003a8:	20000000 	.word	0x20000000
  ldr  r3, =_edata
 80003ac:	20000438 	.word	0x20000438
  ldr  r2, =_sbss
 80003b0:	20000438 	.word	0x20000438
  ldr  r3, = _ebss
 80003b4:	2000045c 	.word	0x2000045c

080003b8 <ADC_IRQHandler>:
 * @retval None       
*/
    .section  .text.Default_Handler,"ax",%progbits
Default_Handler:
Infinite_Loop:
  b  Infinite_Loop
 80003b8:	e7fe      	b.n	80003b8 <ADC_IRQHandler>
	...

080003bc <HAL_Init>:
  * @note                  
  * @param  None
  * @retval HAL status
  */
HAL_StatusTypeDef HAL_Init(void)
{
 80003bc:	b580      	push	{r7, lr}
 80003be:	af00      	add	r7, sp, #0
  /* Configure Flash prefetch, Instruction cache, Data cache */ 
#if (INSTRUCTION_CACHE_ENABLE != 0)
   __HAL_FLASH_INSTRUCTION_CACHE_ENABLE();
 80003c0:	4b0e      	ldr	r3, [pc, #56]	; (80003fc <HAL_Init+0x40>)
 80003c2:	681b      	ldr	r3, [r3, #0]
 80003c4:	4a0d      	ldr	r2, [pc, #52]	; (80003fc <HAL_Init+0x40>)
 80003c6:	f443 7300 	orr.w	r3, r3, #512	; 0x200
 80003ca:	6013      	str	r3, [r2, #0]
#endif /* INSTRUCTION_CACHE_ENABLE */

#if (DATA_CACHE_ENABLE != 0)
   __HAL_FLASH_DATA_CACHE_ENABLE();
 80003cc:	4b0b      	ldr	r3, [pc, #44]	; (80003fc <HAL_Init+0x40>)
 80003ce:	681b      	ldr	r3, [r3, #0]
 80003d0:	4a0a      	ldr	r2, [pc, #40]	; (80003fc <HAL_Init+0x40>)
 80003d2:	f443 6380 	orr.w	r3, r3, #1024	; 0x400
 80003d6:	6013      	str	r3, [r2, #0]
#endif /* DATA_CACHE_ENABLE */

#if (PREFETCH_ENABLE != 0)
  __HAL_FLASH_PREFETCH_BUFFER_ENABLE();
 80003d8:	4b08      	ldr	r3, [pc, #32]	; (80003fc <HAL_Init+0x40>)
 80003da:	681b      	ldr	r3, [r3, #0]
 80003dc:	4a07      	ldr	r2, [pc, #28]	; (80003fc <HAL_Init+0x40>)
 80003de:	f443 7380 	orr.w	r3, r3, #256	; 0x100
 80003e2:	6013      	str	r3, [r2, #0]
#endif /* PREFETCH_ENABLE */

  /* Enable systick and configure 1ms tick (default clock after Reset is HSI) */
  HAL_SYSTICK_Config(HSI_VALUE/ 1000);
 80003e4:	f44f 507a 	mov.w	r0, #16000	; 0x3e80
 80003e8:	f000 fb27 	bl	8000a3a <HAL_SYSTICK_Config>
  
  /* Set Interrupt Group Priority */
  HAL_NVIC_SetPriorityGrouping(NVIC_PRIORITYGROUP_4);
 80003ec:	2003      	movs	r0, #3
 80003ee:	f000 fadb 	bl	80009a8 <HAL_NVIC_SetPriorityGrouping>
  
  /* Init the low level hardware */
  HAL_MspInit();
 80003f2:	f000 f831 	bl	8000458 <HAL_MspInit>
  
  /* Return function status */
  return HAL_OK;
 80003f6:	2300      	movs	r3, #0
}
 80003f8:	4618      	mov	r0, r3
 80003fa:	bd80      	pop	{r7, pc}
 80003fc:	40023c00 	.word	0x40023c00

08000400 <HAL_DeInit>:
  *         This function is optional.   
  * @param  None
  * @retval HAL status
  */
HAL_StatusTypeDef HAL_DeInit(void)
{
 8000400:	b580      	push	{r7, lr}
 8000402:	af00      	add	r7, sp, #0
  /* Reset of all peripherals */
  __APB1_FORCE_RESET();
 8000404:	4b13      	ldr	r3, [pc, #76]	; (8000454 <HAL_DeInit+0x54>)
 8000406:	f04f 32ff 	mov.w	r2, #4294967295
 800040a:	621a      	str	r2, [r3, #32]
  __APB1_RELEASE_RESET();
 800040c:	4b11      	ldr	r3, [pc, #68]	; (8000454 <HAL_DeInit+0x54>)
 800040e:	2200      	movs	r2, #0
 8000410:	621a      	str	r2, [r3, #32]

  __APB2_FORCE_RESET();
 8000412:	4b10      	ldr	r3, [pc, #64]	; (8000454 <HAL_DeInit+0x54>)
 8000414:	f04f 32ff 	mov.w	r2, #4294967295
 8000418:	625a      	str	r2, [r3, #36]	; 0x24
  __APB2_RELEASE_RESET();
 800041a:	4b0e      	ldr	r3, [pc, #56]	; (8000454 <HAL_DeInit+0x54>)
 800041c:	2200      	movs	r2, #0
 800041e:	625a      	str	r2, [r3, #36]	; 0x24

  __AHB1_FORCE_RESET();
 8000420:	4b0c      	ldr	r3, [pc, #48]	; (8000454 <HAL_DeInit+0x54>)
 8000422:	f04f 32ff 	mov.w	r2, #4294967295
 8000426:	611a      	str	r2, [r3, #16]
  __AHB1_RELEASE_RESET();
 8000428:	4b0a      	ldr	r3, [pc, #40]	; (8000454 <HAL_DeInit+0x54>)
 800042a:	2200      	movs	r2, #0
 800042c:	611a      	str	r2, [r3, #16]

  __AHB2_FORCE_RESET();
 800042e:	4b09      	ldr	r3, [pc, #36]	; (8000454 <HAL_DeInit+0x54>)
 8000430:	f04f 32ff 	mov.w	r2, #4294967295
 8000434:	615a      	str	r2, [r3, #20]
  __AHB2_RELEASE_RESET();
 8000436:	4b07      	ldr	r3, [pc, #28]	; (8000454 <HAL_DeInit+0x54>)
 8000438:	2200      	movs	r2, #0
 800043a:	615a      	str	r2, [r3, #20]

  __AHB3_FORCE_RESET();
 800043c:	4b05      	ldr	r3, [pc, #20]	; (8000454 <HAL_DeInit+0x54>)
 800043e:	f04f 32ff 	mov.w	r2, #4294967295
 8000442:	619a      	str	r2, [r3, #24]
  __AHB3_RELEASE_RESET();
 8000444:	4b03      	ldr	r3, [pc, #12]	; (8000454 <HAL_DeInit+0x54>)
 8000446:	2200      	movs	r2, #0
 8000448:	619a      	str	r2, [r3, #24]

  /* De-Init the low level hardware */
  HAL_MspDeInit();
 800044a:	f000 f80c 	bl	8000466 <HAL_MspDeInit>
    
  /* Return function status */
  return HAL_OK;
 800044e:	2300      	movs	r3, #0
}
 8000450:	4618      	mov	r0, r3
 8000452:	bd80      	pop	{r7, pc}
 8000454:	40023800 	.word	0x40023800

08000458 <HAL_MspInit>:
  * @brief  Initializes the MSP.
  * @param  None
  * @retval None
  */
__weak void HAL_MspInit(void)
{
 8000458:	b480      	push	{r7}
 800045a:	af00      	add	r7, sp, #0
  /* NOTE : This function Should not be modified, when the callback is needed,
            the HAL_MspInit could be implemented in the user file
   */ 
}
 800045c:	bf00      	nop
 800045e:	46bd      	mov	sp, r7
 8000460:	f85d 7b04 	ldr.w	r7, [sp], #4
 8000464:	4770      	bx	lr

08000466 <HAL_MspDeInit>:
  * @brief  DeInitializes the MSP.
  * @param  None  
  * @retval None
  */
__weak void HAL_MspDeInit(void)
{
 8000466:	b480      	push	{r7}
 8000468:	af00      	add	r7, sp, #0
  /* NOTE : This function Should not be modified, when the callback is needed,
            the HAL_MspDeInit could be implemented in the user file
   */ 
}
 800046a:	bf00      	nop
 800046c:	46bd      	mov	sp, r7
 800046e:	f85d 7b04 	ldr.w	r7, [sp], #4
 8000472:	4770      	bx	lr

08000474 <HAL_IncTick>:
  *         a global variable "uwTick" used as time base.
  * @param  None
  * @retval None
  */
void HAL_IncTick(void)
{
 8000474:	b480      	push	{r7}
 8000476:	af00      	add	r7, sp, #0
  uwTick++;
 8000478:	4b04      	ldr	r3, [pc, #16]	; (800048c <HAL_IncTick+0x18>)
 800047a:	681b      	ldr	r3, [r3, #0]
 800047c:	3301      	adds	r3, #1
 800047e:	4a03      	ldr	r2, [pc, #12]	; (800048c <HAL_IncTick+0x18>)
 8000480:	6013      	str	r3, [r2, #0]
}
 8000482:	bf00      	nop
 8000484:	46bd      	mov	sp, r7
 8000486:	f85d 7b04 	ldr.w	r7, [sp], #4
 800048a:	4770      	bx	lr
 800048c:	20000454 	.word	0x20000454

08000490 <HAL_GetTick>:
  * @brief  Povides a tick value in millisecond.
  * @param  Non
  * @retval tick value
  */
uint32_t HAL_GetTick(void)
{
 8000490:	b480      	push	{r7}
 8000492:	af00      	add	r7, sp, #0
  return uwTick;  
 8000494:	4b03      	ldr	r3, [pc, #12]	; (80004a4 <HAL_GetTick+0x14>)
 8000496:	681b      	ldr	r3, [r3, #0]
}
 8000498:	4618      	mov	r0, r3
 800049a:	46bd      	mov	sp, r7
 800049c:	f85d 7b04 	ldr.w	r7, [sp], #4
 80004a0:	4770      	bx	lr
 80004a2:	bf00      	nop
 80004a4:	20000454 	.word	0x20000454

080004a8 <HAL_Delay>:
  *         priority you have to use HAL_NVIC_SetPriority() function.
  * @param  Delay : specifies the delay time length, in milliseconds.
  * @retval None
  */
void HAL_Delay(__IO uint32_t Delay)
{
 80004a8:	b580      	push	{r7, lr}
 80004aa:	b084      	sub	sp, #16
 80004ac:	af00      	add	r7, sp, #0
 80004ae:	6078      	str	r0, [r7, #4]
  uint32_t timingdelay;
  
  timingdelay = HAL_GetTick() + Delay;
 80004b0:	f7ff ffee 	bl	8000490 <HAL_GetTick>
 80004b4:	4602      	mov	r2, r0
 80004b6:	687b      	ldr	r3, [r7, #4]
 80004b8:	4413      	add	r3, r2
 80004ba:	60fb      	str	r3, [r7, #12]
  while(HAL_GetTick() < timingdelay)
 80004bc:	bf00      	nop
 80004be:	f7ff ffe7 	bl	8000490 <HAL_GetTick>
 80004c2:	4602      	mov	r2, r0
 80004c4:	68fb      	ldr	r3, [r7, #12]
 80004c6:	4293      	cmp	r3, r2
 80004c8:	d8f9      	bhi.n	80004be <HAL_Delay+0x16>
  {
  }
}
 80004ca:	bf00      	nop
 80004cc:	bf00      	nop
 80004ce:	3710      	adds	r7, #16
 80004d0:	46bd      	mov	sp, r7
 80004d2:	bd80      	pop	{r7, pc}

080004d4 <HAL_GetHalVersion>:
  * @brief  Returns the HAL revision
  * @param  None
  * @retval version : 0xXYZR (8bits for each decimal, R for RC)
  */
uint32_t HAL_GetHalVersion(void)
{
 80004d4:	b480      	push	{r7}
 80004d6:	af00      	add	r7, sp, #0
 return __STM32F4xx_HAL_VERSION;
 80004d8:	f04f 7380 	mov.w	r3, #16777216	; 0x1000000
}
 80004dc:	4618      	mov	r0, r3
 80004de:	46bd      	mov	sp, r7
 80004e0:	f85d 7b04 	ldr.w	r7, [sp], #4
 80004e4:	4770      	bx	lr

080004e6 <HAL_GetREVID>:
  * @brief  Returns the device revision identifier.
  * @param  None
  * @retval Device revision identifier
  */
uint32_t HAL_GetREVID(void)
{
 80004e6:	b480      	push	{r7}
 80004e8:	af00      	add	r7, sp, #0
   return((DBGMCU->IDCODE) >> 16);
 80004ea:	4b04      	ldr	r3, [pc, #16]	; (80004fc <HAL_GetREVID+0x16>)
 80004ec:	681b      	ldr	r3, [r3, #0]
 80004ee:	0c1b      	lsrs	r3, r3, #16
}
 80004f0:	4618      	mov	r0, r3
 80004f2:	46bd      	mov	sp, r7
 80004f4:	f85d 7b04 	ldr.w	r7, [sp], #4
 80004f8:	4770      	bx	lr
 80004fa:	bf00      	nop
 80004fc:	e0042000 	.word	0xe0042000

08000500 <HAL_GetDEVID>:
  * @brief  Returns the device identifier.
  * @param  None
  * @retval Device identifier
  */
uint32_t HAL_GetDEVID(void)
{
 8000500:	b480      	push	{r7}
 8000502:	af00      	add	r7, sp, #0
   return((DBGMCU->IDCODE) & IDCODE_DEVID_MASK);
 8000504:	4b04      	ldr	r3, [pc, #16]	; (8000518 <HAL_GetDEVID+0x18>)
 8000506:	681b      	ldr	r3, [r3, #0]
 8000508:	f3c3 030b 	ubfx	r3, r3, #0, #12
}
 800050c:	4618      	mov	r0, r3
 800050e:	46bd      	mov	sp, r7
 8000510:	f85d 7b04 	ldr.w	r7, [sp], #4
 8000514:	4770      	bx	lr
 8000516:	bf00      	nop
 8000518:	e0042000 	.word	0xe0042000

0800051c <HAL_EnableDBGSleepMode>:
  * @brief  Enable the Debug Module during SLEEP mode       
  * @param  None
  * @retval None
  */
void HAL_EnableDBGSleepMode(void)
{
 800051c:	b480      	push	{r7}
 800051e:	af00      	add	r7, sp, #0
  SET_BIT(DBGMCU->CR, DBGMCU_CR_DBG_SLEEP);
 8000520:	4b05      	ldr	r3, [pc, #20]	; (8000538 <HAL_EnableDBGSleepMode+0x1c>)
 8000522:	685b      	ldr	r3, [r3, #4]
 8000524:	4a04      	ldr	r2, [pc, #16]	; (8000538 <HAL_EnableDBGSleepMode+0x1c>)
 8000526:	f043 0301 	orr.w	r3, r3, #1
 800052a:	6053      	str	r3, [r2, #4]
}
 800052c:	bf00      	nop
 800052e:	46bd      	mov	sp, r7
 8000530:	f85d 7b04 	ldr.w	r7, [sp], #4
 8000534:	4770      	bx	lr
 8000536:	bf00      	nop
 8000538:	e0042000 	.word	0xe0042000

0800053c <HAL_DisableDBGSleepMode>:
  * @brief  Disable the Debug Module during SLEEP mode       
  * @param  None
  * @retval None
  */
void HAL_DisableDBGSleepMode(void)
{
 800053c:	b480      	push	{r7}
 800053e:	af00      	add	r7, sp, #0
  CLEAR_BIT(DBGMCU->CR, DBGMCU_CR_DBG_SLEEP);
 8000540:	4b05      	ldr	r3, [pc, #20]	; (8000558 <HAL_DisableDBGSleepMode+0x1c>)
 8000542:	685b      	ldr	r3, [r3, #4]
 8000544:	4a04      	ldr	r2, [pc, #16]	; (8000558 <HAL_DisableDBGSleepMode+0x1c>)
 8000546:	f023 0301 	bic.w	r3, r3, #1
 800054a:	6053      	str	r3, [r2, #4]
}
 800054c:	bf00      	nop
 800054e:	46bd      	mov	sp, r7
 8000550:	f85d 7b04 	ldr.w	r7, [sp], #4
 8000554:	4770      	bx	lr
 8000556:	bf00      	nop
 8000558:	e0042000 	.word	0xe0042000

0800055c <HAL_EnableDBGStopMode>:
  * @brief  Enable the Debug Module during STOP mode       
  * @param  None
  * @retval None
  */
void HAL_EnableDBGStopMode(void)
{
 800055c:	b480      	push	{r7}
 800055e:	af00      	add	r7, sp, #0
  SET_BIT(DBGMCU->CR, DBGMCU_CR_DBG_STOP);
 8000560:	4b05      	ldr	r3, [pc, #20]	; (8000578 <HAL_EnableDBGStopMode+0x1c>)
 8000562:	685b      	ldr	r3, [r3, #4]
 8000564:	4a04      	ldr	r2, [pc, #16]	; (8000578 <HAL_EnableDBGStopMode+0x1c>)
 8000566:	f043 0302 	orr.w	r3, r3, #2
 800056a:	6053      	str	r3, [r2, #4]
}
 800056c:	bf00      	nop
 800056e:	46bd      	mov	sp, r7
 8000570:	f85d 7b04 	ldr.w	r7, [sp], #4
 8000574:	4770      	bx	lr
 8000576:	bf00      	nop
 8000578:	e0042000 	.word	0xe0042000

0800057c <HAL_DisableDBGStopMode>:
  * @brief  Disable the Debug Module during STOP mode       
  * @param  None
  * @retval None
  */
void HAL_DisableDBGStopMode(void)
{
 800057c:	b480      	push	{r7}
 800057e:	af00      	add	r7, sp, #0
  CLEAR_BIT(DBGMCU->CR, DBGMCU_CR_DBG_STOP);
 8000580:	4b05      	ldr	r3, [pc, #20]	; (8000598 <HAL_DisableDBGStopMode+0x1c>)
 8000582:	685b      	ldr	r3, [r3, #4]
 8000584:	4a04      	ldr	r2, [pc, #16]	; (8000598 <HAL_DisableDBGStopMode+0x1c>)
 8000586:	f023 0302 	bic.w	r3, r3, #2
 800058a:	6053      	str	r3, [r2, #4]
}
 800058c:	bf00      	nop
 800058e:	46bd      	mov	sp, r7
 8000590:	f85d 7b04 	ldr.w	r7, [sp], #4
 8000594:	4770      	bx	lr
 8000596:	bf00      	nop
 8000598:	e0042000 	.word	0xe0042000

0800059c <HAL_EnableDBGStandbyMode>:
  * @brief  Enable the Debug Module during STANDBY mode       
  * @param  None
  * @retval None
  */
void HAL_EnableDBGStandbyMode(void)
{
 800059c:	b480      	push	{r7}
 800059e:	af00      	add	r7, sp, #0
  SET_BIT(DBGMCU->CR, DBGMCU_CR_DBG_STANDBY);
 80005a0:	4b05      	ldr	r3, [pc, #20]	; (80005b8 <HAL_EnableDBGStandbyMode+0x1c>)
 80005a2:	685b      	ldr	r3, [r3, #4]
 80005a4:	4a04      	ldr	r2, [pc, #16]	; (80005b8 <HAL_EnableDBGStandbyMode+0x1c>)
 80005a6:	f043 0304 	orr.w	r3, r3, #4
 80005aa:	6053      	str	r3, [r2, #4]
}
 80005ac:	bf00      	nop
 80005ae:	46bd      	mov	sp, r7
 80005b0:	f85d 7b04 	ldr.w	r7, [sp], #4
 80005b4:	4770      	bx	lr
 80005b6:	bf00      	nop
 80005b8:	e0042000 	.word	0xe0042000

080005bc <HAL_DisableDBGStandbyMode>:
  * @brief  Disable the Debug Module during STANDBY mode       
  * @param  None
  * @retval None
  */
void HAL_DisableDBGStandbyMode(void)
{
 80005bc:	b480      	push	{r7}
 80005be:	af00      	add	r7, sp, #0
  CLEAR_BIT(DBGMCU->CR, DBGMCU_CR_DBG_STANDBY);
 80005c0:	4b05      	ldr	r3, [pc, #20]	; (80005d8 <HAL_DisableDBGStandbyMode+0x1c>)
 80005c2:	685b      	ldr	r3, [r3, #4]
 80005c4:	4a04      	ldr	r2, [pc, #16]	; (80005d8 <HAL_DisableDBGStandbyMode+0x1c>)
 80005c6:	f023 0304 	bic.w	r3, r3, #4
 80005ca:	6053      	str	r3, [r2, #4]
}
 80005cc:	bf00      	nop
 80005ce:	46bd      	mov	sp, r7
 80005d0:	f85d 7b04 	ldr.w	r7, [sp], #4
 80005d4:	4770      	bx	lr
 80005d6:	bf00      	nop
 80005d8:	e0042000 	.word	0xe0042000

080005dc <HAL_EnableCompensationCell>:
  * @note   The I/O compensation cell can be used only when the device supply
  *         voltage ranges from 2.4 to 3.6 V.  
  * @retval None
  */
void HAL_EnableCompensationCell(void)
{
 80005dc:	b480      	push	{r7}
 80005de:	af00      	add	r7, sp, #0
  *(__IO uint32_t *)CMPCR_CMP_PD_BB = (uint32_t)ENABLE;
 80005e0:	4b03      	ldr	r3, [pc, #12]	; (80005f0 <HAL_EnableCompensationCell+0x14>)
 80005e2:	2201      	movs	r2, #1
 80005e4:	601a      	str	r2, [r3, #0]
}
 80005e6:	bf00      	nop
 80005e8:	46bd      	mov	sp, r7
 80005ea:	f85d 7b04 	ldr.w	r7, [sp], #4
 80005ee:	4770      	bx	lr
 80005f0:	42270400 	.word	0x42270400

080005f4 <HAL_DisableCompensationCell>:
  * @note   The I/O compensation cell can be used only when the device supply
  *         voltage ranges from 2.4 to 3.6 V.  
  * @retval None
  */
void HAL_DisableCompensationCell(void)
{
 80005f4:	b480      	push	{r7}
 80005f6:	af00      	add	r7, sp, #0
  *(__IO uint32_t *)CMPCR_CMP_PD_BB = (uint32_t)DISABLE;
 80005f8:	4b03      	ldr	r3, [pc, #12]	; (8000608 <HAL_DisableCompensationCell+0x14>)
 80005fa:	2200      	movs	r2, #0
 80005fc:	601a      	str	r2, [r3, #0]
}
 80005fe:	bf00      	nop
 8000600:	46bd      	mov	sp, r7
 8000602:	f85d 7b04 	ldr.w	r7, [sp], #4
 8000606:	4770      	bx	lr
 8000608:	42270400 	.word	0x42270400

0800060c <NVIC_SetPriorityGrouping>:
  priority bits (__NVIC_PRIO_BITS), the smallest possible priority group is set.

    \param [in]      PriorityGroup  Priority grouping field.
 */
__STATIC_INLINE void NVIC_SetPriorityGrouping(uint32_t PriorityGroup)
{
 800060c:	b480      	push	{r7}
 800060e:	b085      	sub	sp, #20
 8000610:	af00      	add	r7, sp, #0
 8000612:	6078      	str	r0, [r7, #4]
  uint32_t reg_value;
  uint32_t PriorityGroupTmp = (PriorityGroup & (uint32_t)0x07);               /* only values 0..7 are used          */
 8000614:	687b      	ldr	r3, [r7, #4]
 8000616:	f003 0307 	and.w	r3, r3, #7
 800061a:	60fb      	str	r3, [r7, #12]

  reg_value  =  SCB->AIRCR;                                                   /* read old register configuration    */
 800061c:	4b0c      	ldr	r3, [pc, #48]	; (8000650 <NVIC_SetPriorityGrouping+0x44>)
 800061e:	68db      	ldr	r3, [r3, #12]
 8000620:	60bb      	str	r3, [r7, #8]
  reg_value &= ~(SCB_AIRCR_VECTKEY_Msk | SCB_AIRCR_PRIGROUP_Msk);             /* clear bits to change               */
 8000622:	68ba      	ldr	r2, [r7, #8]
 8000624:	f64f 03ff 	movw	r3, #63743	; 0xf8ff
 8000628:	4013      	ands	r3, r2
 800062a:	60bb      	str	r3, [r7, #8]
  reg_value  =  (reg_value                                 |
                ((uint32_t)0x5FA << SCB_AIRCR_VECTKEY_Pos) |
                (PriorityGroupTmp << 8));                                     /* Insert write key and priorty group */
 800062c:	68fb      	ldr	r3, [r7, #12]
 800062e:	021a      	lsls	r2, r3, #8
                ((uint32_t)0x5FA << SCB_AIRCR_VECTKEY_Pos) |
 8000630:	68bb      	ldr	r3, [r7, #8]
 8000632:	4313      	orrs	r3, r2
  reg_value  =  (reg_value                                 |
 8000634:	f043 63bf 	orr.w	r3, r3, #100139008	; 0x5f80000
 8000638:	f443 3300 	orr.w	r3, r3, #131072	; 0x20000
 800063c:	60bb      	str	r3, [r7, #8]
  SCB->AIRCR =  reg_value;
 800063e:	4a04      	ldr	r2, [pc, #16]	; (8000650 <NVIC_SetPriorityGrouping+0x44>)
 8000640:	68bb      	ldr	r3, [r7, #8]
 8000642:	60d3      	str	r3, [r2, #12]
}
 8000644:	bf00      	nop
 8000646:	3714      	adds	r7, #20
 8000648:	46bd      	mov	sp, r7
 800064a:	f85d 7b04 	ldr.w	r7, [sp], #4
 800064e:	4770      	bx	lr
 8000650:	e000ed00 	.word	0xe000ed00

08000654 <NVIC_GetPriorityGrouping>:
  The function reads the priority grouping field from the NVIC Interrupt Controller.

    \return                Priority grouping field (SCB->AIRCR [10:8] PRIGROUP field).
 */
__STATIC_INLINE uint32_t NVIC_GetPriorityGrouping(void)
{
 8000654:	b480      	push	{r7}
 8000656:	af00      	add	r7, sp, #0
  return ((SCB->AIRCR & SCB_AIRCR_PRIGROUP_Msk) >> SCB_AIRCR_PRIGROUP_Pos);   /* read priority grouping field */
 8000658:	4b04      	ldr	r3, [pc, #16]	; (800066c <NVIC_GetPriorityGrouping+0x18>)
 800065a:	68db      	ldr	r3, [r3, #12]
 800065c:	0a1b      	lsrs	r3, r3, #8
 800065e:	f003 0307 	and.w	r3, r3, #7
}
 8000662:	4618      	mov	r0, r3
 8000664:	46bd      	mov	sp, r7
 8000666:	f85d 7b04 	ldr.w	r7, [sp], #4
 800066a:	4770      	bx	lr
 800066c:	e000ed00 	.word	0xe000ed00

08000670 <NVIC_EnableIRQ>:
    The function enables a device-specific interrupt in the NVIC interrupt controller.

    \param [in]      IRQn  External interrupt number. Value cannot be negative.
 */
__STATIC_INLINE void NVIC_EnableIRQ(IRQn_Type IRQn)
{
 8000670:	b480      	push	{r7}
 8000672:	b083      	sub	sp, #12
 8000674:	af00      	add	r7, sp, #0
 8000676:	4603      	mov	r3, r0
 8000678:	71fb      	strb	r3, [r7, #7]
/*  NVIC->ISER[((uint32_t)(IRQn) >> 5)] = (1 << ((uint32_t)(IRQn) & 0x1F));  enable interrupt */
  NVIC->ISER[(uint32_t)((int32_t)IRQn) >> 5] = (uint32_t)(1 << ((uint32_t)((int32_t)IRQn) & (uint32_t)0x1F)); /* enable interrupt */
 800067a:	79fb      	ldrb	r3, [r7, #7]
 800067c:	f003 031f 	and.w	r3, r3, #31
 8000680:	2201      	movs	r2, #1
 8000682:	fa02 f103 	lsl.w	r1, r2, r3
 8000686:	4a06      	ldr	r2, [pc, #24]	; (80006a0 <NVIC_EnableIRQ+0x30>)
 8000688:	f997 3007 	ldrsb.w	r3, [r7, #7]
 800068c:	095b      	lsrs	r3, r3, #5
 800068e:	f842 1023 	str.w	r1, [r2, r3, lsl #2]
}
 8000692:	bf00      	nop
 8000694:	370c      	adds	r7, #12
 8000696:	46bd      	mov	sp, r7
 8000698:	f85d 7b04 	ldr.w	r7, [sp], #4
 800069c:	4770      	bx	lr
 800069e:	bf00      	nop
 80006a0:	e000e100 	.word	0xe000e100

080006a4 <NVIC_DisableIRQ>:
    The function disables a device-specific interrupt in the NVIC interrupt controller.

    \param [in]      IRQn  External interrupt number. Value cannot be negative.
 */
__STATIC_INLINE void NVIC_DisableIRQ(IRQn_Type IRQn)
{
 80006a4:	b480      	push	{r7}
 80006a6:	b083      	sub	sp, #12
 80006a8:	af00      	add	r7, sp, #0
 80006aa:	4603      	mov	r3, r0
 80006ac:	71fb      	strb	r3, [r7, #7]
  NVIC->ICER[((uint32_t)(IRQn) >> 5)] = (1 << ((uint32_t)(IRQn) & 0x1F)); /* disable interrupt */
 80006ae:	79fb      	ldrb	r3, [r7, #7]
 80006b0:	f003 031f 	and.w	r3, r3, #31
 80006b4:	2201      	movs	r2, #1
 80006b6:	fa02 f103 	lsl.w	r1, r2, r3
 80006ba:	4a06      	ldr	r2, [pc, #24]	; (80006d4 <NVIC_DisableIRQ+0x30>)
 80006bc:	f997 3007 	ldrsb.w	r3, [r7, #7]
 80006c0:	095b      	lsrs	r3, r3, #5
 80006c2:	3320      	adds	r3, #32
 80006c4:	f842 1023 	str.w	r1, [r2, r3, lsl #2]
}
 80006c8:	bf00      	nop
 80006ca:	370c      	adds	r7, #12
 80006cc:	46bd      	mov	sp, r7
 80006ce:	f85d 7b04 	ldr.w	r7, [sp], #4
 80006d2:	4770      	bx	lr
 80006d4:	e000e100 	.word	0xe000e100

080006d8 <NVIC_GetPendingIRQ>:

    \return             0  Interrupt status is not pending.
    \return             1  Interrupt status is pending.
 */
__STATIC_INLINE uint32_t NVIC_GetPendingIRQ(IRQn_Type IRQn)
{
 80006d8:	b480      	push	{r7}
 80006da:	b083      	sub	sp, #12
 80006dc:	af00      	add	r7, sp, #0
 80006de:	4603      	mov	r3, r0
 80006e0:	71fb      	strb	r3, [r7, #7]
  return((uint32_t) ((NVIC->ISPR[(uint32_t)(IRQn) >> 5] & (1 << ((uint32_t)(IRQn) & 0x1F)))?1:0)); /* Return 1 if pending else 0 */
 80006e2:	4a0c      	ldr	r2, [pc, #48]	; (8000714 <NVIC_GetPendingIRQ+0x3c>)
 80006e4:	f997 3007 	ldrsb.w	r3, [r7, #7]
 80006e8:	095b      	lsrs	r3, r3, #5
 80006ea:	3340      	adds	r3, #64	; 0x40
 80006ec:	f852 3023 	ldr.w	r3, [r2, r3, lsl #2]
 80006f0:	79fa      	ldrb	r2, [r7, #7]
 80006f2:	f002 021f 	and.w	r2, r2, #31
 80006f6:	2101      	movs	r1, #1
 80006f8:	fa01 f202 	lsl.w	r2, r1, r2
 80006fc:	4013      	ands	r3, r2
 80006fe:	2b00      	cmp	r3, #0
 8000700:	d001      	beq.n	8000706 <NVIC_GetPendingIRQ+0x2e>
 8000702:	2301      	movs	r3, #1
 8000704:	e000      	b.n	8000708 <NVIC_GetPendingIRQ+0x30>
 8000706:	2300      	movs	r3, #0
}
 8000708:	4618      	mov	r0, r3
 800070a:	370c      	adds	r7, #12
 800070c:	46bd      	mov	sp, r7
 800070e:	f85d 7b04 	ldr.w	r7, [sp], #4
 8000712:	4770      	bx	lr
 8000714:	e000e100 	.word	0xe000e100

08000718 <NVIC_SetPendingIRQ>:
    The function sets the pending bit of an external interrupt.

    \param [in]      IRQn  Interrupt number. Value cannot be negative.
 */
__STATIC_INLINE void NVIC_SetPendingIRQ(IRQn_Type IRQn)
{
 8000718:	b480      	push	{r7}
 800071a:	b083      	sub	sp, #12
 800071c:	af00      	add	r7, sp, #0
 800071e:	4603      	mov	r3, r0
 8000720:	71fb      	strb	r3, [r7, #7]
  NVIC->ISPR[((uint32_t)(IRQn) >> 5)] = (1 << ((uint32_t)(IRQn) & 0x1F)); /* set interrupt pending */
 8000722:	79fb      	ldrb	r3, [r7, #7]
 8000724:	f003 031f 	and.w	r3, r3, #31
 8000728:	2201      	movs	r2, #1
 800072a:	fa02 f103 	lsl.w	r1, r2, r3
 800072e:	4a06      	ldr	r2, [pc, #24]	; (8000748 <NVIC_SetPendingIRQ+0x30>)
 8000730:	f997 3007 	ldrsb.w	r3, [r7, #7]
 8000734:	095b      	lsrs	r3, r3, #5
 8000736:	3340      	adds	r3, #64	; 0x40
 8000738:	f842 1023 	str.w	r1, [r2, r3, lsl #2]
}
 800073c:	bf00      	nop
 800073e:	370c      	adds	r7, #12
 8000740:	46bd      	mov	sp, r7
 8000742:	f85d 7b04 	ldr.w	r7, [sp], #4
 8000746:	4770      	bx	lr
 8000748:	e000e100 	.word	0xe000e100

0800074c <NVIC_ClearPendingIRQ>:
    The function clears the pending bit of an external interrupt.

    \param [in]      IRQn  External interrupt number. Value cannot be negative.
 */
__STATIC_INLINE void NVIC_ClearPendingIRQ(IRQn_Type IRQn)
{
 800074c:	b480      	push	{r7}
 800074e:	b083      	sub	sp, #12
 8000750:	af00      	add	r7, sp, #0
 8000752:	4603      	mov	r3, r0
 8000754:	71fb      	strb	r3, [r7, #7]
  NVIC->ICPR[((uint32_t)(IRQn) >> 5)] = (1 << ((uint32_t)(IRQn) & 0x1F)); /* Clear pending interrupt */
 8000756:	79fb      	ldrb	r3, [r7, #7]
 8000758:	f003 031f 	and.w	r3, r3, #31
 800075c:	2201      	movs	r2, #1
 800075e:	fa02 f103 	lsl.w	r1, r2, r3
 8000762:	4a06      	ldr	r2, [pc, #24]	; (800077c <NVIC_ClearPendingIRQ+0x30>)
 8000764:	f997 3007 	ldrsb.w	r3, [r7, #7]
 8000768:	095b      	lsrs	r3, r3, #5
 800076a:	3360      	adds	r3, #96	; 0x60
 800076c:	f842 1023 	str.w	r1, [r2, r3, lsl #2]
}
 8000770:	bf00      	nop
 8000772:	370c      	adds	r7, #12
 8000774:	46bd      	mov	sp, r7
 8000776:	f85d 7b04 	ldr.w	r7, [sp], #4
 800077a:	4770      	bx	lr
 800077c:	e000e100 	.word	0xe000e100

08000780 <NVIC_GetActive>:

    \return             0  Interrupt status is not active.
    \return             1  Interrupt status is active.
 */
__STATIC_INLINE uint32_t NVIC_GetActive(IRQn_Type IRQn)
{
 8000780:	b480      	push	{r7}
 8000782:	b083      	sub	sp, #12
 8000784:	af00      	add	r7, sp, #0
 8000786:	4603      	mov	r3, r0
 8000788:	71fb      	strb	r3, [r7, #7]
  return((uint32_t)((NVIC->IABR[(uint32_t)(IRQn) >> 5] & (1 << ((uint32_t)(IRQn) & 0x1F)))?1:0)); /* Return 1 if active else 0 */
 800078a:	4a0c      	ldr	r2, [pc, #48]	; (80007bc <NVIC_GetActive+0x3c>)
 800078c:	f997 3007 	ldrsb.w	r3, [r7, #7]
 8000790:	095b      	lsrs	r3, r3, #5
 8000792:	3380      	adds	r3, #128	; 0x80
 8000794:	f852 3023 	ldr.w	r3, [r2, r3, lsl #2]
 8000798:	79fa      	ldrb	r2, [r7, #7]
 800079a:	f002 021f 	and.w	r2, r2, #31
 800079e:	2101      	movs	r1, #1
 80007a0:	fa01 f202 	lsl.w	r2, r1, r2
 80007a4:	4013      	ands	r3, r2
 80007a6:	2b00      	cmp	r3, #0
 80007a8:	d001      	beq.n	80007ae <NVIC_GetActive+0x2e>
 80007aa:	2301      	movs	r3, #1
 80007ac:	e000      	b.n	80007b0 <NVIC_GetActive+0x30>
 80007ae:	2300      	movs	r3, #0
}
 80007b0:	4618      	mov	r0, r3
 80007b2:	370c      	adds	r7, #12
 80007b4:	46bd      	mov	sp, r7
 80007b6:	f85d 7b04 	ldr.w	r7, [sp], #4
 80007ba:	4770      	bx	lr
 80007bc:	e000e100 	.word	0xe000e100

080007c0 <NVIC_SetPriority>:

    \param [in]      IRQn  Interrupt number.
    \param [in]  priority  Priority to set.
 */
__STATIC_INLINE void NVIC_SetPriority(IRQn_Type IRQn, uint32_t priority)
{
 80007c0:	b480      	push	{r7}
 80007c2:	b083      	sub	sp, #12
 80007c4:	af00      	add	r7, sp, #0
 80007c6:	4603      	mov	r3, r0
 80007c8:	6039      	str	r1, [r7, #0]
 80007ca:	71fb      	strb	r3, [r7, #7]
  if(IRQn < 0) {
 80007cc:	f997 3007 	ldrsb.w	r3, [r7, #7]
 80007d0:	2b00      	cmp	r3, #0
 80007d2:	da0b      	bge.n	80007ec <NVIC_SetPriority+0x2c>
    SCB->SHP[((uint32_t)(IRQn) & 0xF)-4] = ((priority << (8 - __NVIC_PRIO_BITS)) & 0xff); } /* set Priority for Cortex-M  System Interrupts */
 80007d4:	683b      	ldr	r3, [r7, #0]
 80007d6:	b2da      	uxtb	r2, r3
 80007d8:	490c      	ldr	r1, [pc, #48]	; (800080c <NVIC_SetPriority+0x4c>)
 80007da:	79fb      	ldrb	r3, [r7, #7]
 80007dc:	f003 030f 	and.w	r3, r3, #15
 80007e0:	3b04      	subs	r3, #4
 80007e2:	0112      	lsls	r2, r2, #4
 80007e4:	b2d2      	uxtb	r2, r2
 80007e6:	440b      	add	r3, r1
 80007e8:	761a      	strb	r2, [r3, #24]
  else {
    NVIC->IP[(uint32_t)(IRQn)] = ((priority << (8 - __NVIC_PRIO_BITS)) & 0xff);    }        /* set Priority for device specific Interrupts  */
}
 80007ea:	e009      	b.n	8000800 <NVIC_SetPriority+0x40>
    NVIC->IP[(uint32_t)(IRQn)] = ((priority << (8 - __NVIC_PRIO_BITS)) & 0xff);    }        /* set Priority for device specific Interrupts  */
 80007ec:	683b      	ldr	r3, [r7, #0]
 80007ee:	b2da      	uxtb	r2, r3
 80007f0:	4907      	ldr	r1, [pc, #28]	; (8000810 <NVIC_SetPriority+0x50>)
 80007f2:	f997 3007 	ldrsb.w	r3, [r7, #7]
 80007f6:	0112      	lsls	r2, r2, #4
 80007f8:	b2d2      	uxtb	r2, r2
 80007fa:	440b      	add	r3, r1
 80007fc:	f883 2300 	strb.w	r2, [r3, #768]	; 0x300
}
 8000800:	bf00      	nop
 8000802:	370c      	adds	r7, #12
 8000804:	46bd      	mov	sp, r7
 8000806:	f85d 7b04 	ldr.w	r7, [sp], #4
 800080a:	4770      	bx	lr
 800080c:	e000ed00 	.word	0xe000ed00
 8000810:	e000e100 	.word	0xe000e100

08000814 <NVIC_GetPriority>:
    \param [in]   IRQn  Interrupt number.
    \return             Interrupt Priority. Value is aligned automatically to the implemented
                        priority bits of the microcontroller.
 */
__STATIC_INLINE uint32_t NVIC_GetPriority(IRQn_Type IRQn)
{
 8000814:	b480      	push	{r7}
 8000816:	b083      	sub	sp, #12
 8000818:	af00      	add	r7, sp, #0
 800081a:	4603      	mov	r3, r0
 800081c:	71fb      	strb	r3, [r7, #7]

  if(IRQn < 0) {
 800081e:	f997 3007 	ldrsb.w	r3, [r7, #7]
 8000822:	2b00      	cmp	r3, #0
 8000824:	da0a      	bge.n	800083c <NVIC_GetPriority+0x28>
    return((uint32_t)(SCB->SHP[((uint32_t)(IRQn) & 0xF)-4] >> (8 - __NVIC_PRIO_BITS)));  } /* get priority for Cortex-M  system interrupts */
 8000826:	4a0d      	ldr	r2, [pc, #52]	; (800085c <NVIC_GetPriority+0x48>)
 8000828:	79fb      	ldrb	r3, [r7, #7]
 800082a:	f003 030f 	and.w	r3, r3, #15
 800082e:	3b04      	subs	r3, #4
 8000830:	4413      	add	r3, r2
 8000832:	7e1b      	ldrb	r3, [r3, #24]
 8000834:	b2db      	uxtb	r3, r3
 8000836:	091b      	lsrs	r3, r3, #4
 8000838:	b2db      	uxtb	r3, r3
 800083a:	e008      	b.n	800084e <NVIC_GetPriority+0x3a>
  else {
    return((uint32_t)(NVIC->IP[(uint32_t)(IRQn)]           >> (8 - __NVIC_PRIO_BITS)));  } /* get priority for device specific interrupts  */
 800083c:	4a08      	ldr	r2, [pc, #32]	; (8000860 <NVIC_GetPriority+0x4c>)
 800083e:	f997 3007 	ldrsb.w	r3, [r7, #7]
 8000842:	4413      	add	r3, r2
 8000844:	f893 3300 	ldrb.w	r3, [r3, #768]	; 0x300
 8000848:	b2db      	uxtb	r3, r3
 800084a:	091b      	lsrs	r3, r3, #4
 800084c:	b2db      	uxtb	r3, r3
}
 800084e:	4618      	mov	r0, r3
 8000850:	370c      	adds	r7, #12
 8000852:	46bd      	mov	sp, r7
 8000854:	f85d 7b04 	ldr.w	r7, [sp], #4
 8000858:	4770      	bx	lr
 800085a:	bf00      	nop
 800085c:	e000ed00 	.word	0xe000ed00
 8000860:	e000e100 	.word	0xe000e100

08000864 <NVIC_EncodePriority>:
    \param [in]   PreemptPriority  Preemptive priority value (starting from 0).
    \param [in]       SubPriority  Subpriority value (starting from 0).
    \return                        Encoded priority. Value can be used in the function \ref NVIC_SetPriority().
 */
__STATIC_INLINE uint32_t NVIC_EncodePriority (uint32_t PriorityGroup, uint32_t PreemptPriority, uint32_t SubPriority)
{
 8000864:	b480      	push	{r7}
 8000866:	b089      	sub	sp, #36	; 0x24
 8000868:	af00      	add	r7, sp, #0
 800086a:	60f8      	str	r0, [r7, #12]
 800086c:	60b9      	str	r1, [r7, #8]
 800086e:	607a      	str	r2, [r7, #4]
  uint32_t PriorityGroupTmp = (PriorityGroup & 0x07);          /* only values 0..7 are used          */
 8000870:	68fb      	ldr	r3, [r7, #12]
 8000872:	f003 0307 	and.w	r3, r3, #7
 8000876:	61fb      	str	r3, [r7, #28]
  uint32_t PreemptPriorityBits;
  uint32_t SubPriorityBits;

  PreemptPriorityBits = ((7 - PriorityGroupTmp) > __NVIC_PRIO_BITS) ? __NVIC_PRIO_BITS : 7 - PriorityGroupTmp;
 8000878:	69fb      	ldr	r3, [r7, #28]
 800087a:	f1c3 0307 	rsb	r3, r3, #7
 800087e:	2b04      	cmp	r3, #4
 8000880:	bf28      	it	cs
 8000882:	2304      	movcs	r3, #4
 8000884:	61bb      	str	r3, [r7, #24]
  SubPriorityBits     = ((PriorityGroupTmp + __NVIC_PRIO_BITS) < 7) ? 0 : PriorityGroupTmp - 7 + __NVIC_PRIO_BITS;
 8000886:	69fb      	ldr	r3, [r7, #28]
 8000888:	3304      	adds	r3, #4
 800088a:	2b06      	cmp	r3, #6
 800088c:	d902      	bls.n	8000894 <NVIC_EncodePriority+0x30>
 800088e:	69fb      	ldr	r3, [r7, #28]
 8000890:	3b03      	subs	r3, #3
 8000892:	e000      	b.n	8000896 <NVIC_EncodePriority+0x32>
 8000894:	2300      	movs	r3, #0
 8000896:	617b      	str	r3, [r7, #20]

  return (
           ((PreemptPriority & ((1 << (PreemptPriorityBits)) - 1)) << SubPriorityBits) |
 8000898:	2201      	movs	r2, #1
 800089a:	69bb      	ldr	r3, [r7, #24]
 800089c:	fa02 f303 	lsl.w	r3, r2, r3
 80008a0:	3b01      	subs	r3, #1
 80008a2:	461a      	mov	r2, r3
 80008a4:	68bb      	ldr	r3, [r7, #8]
 80008a6:	401a      	ands	r2, r3
 80008a8:	697b      	ldr	r3, [r7, #20]
 80008aa:	409a      	lsls	r2, r3
           ((SubPriority     & ((1 << (SubPriorityBits    )) - 1)))
 80008ac:	2101      	movs	r1, #1
 80008ae:	697b      	ldr	r3, [r7, #20]
 80008b0:	fa01 f303 	lsl.w	r3, r1, r3
 80008b4:	3b01      	subs	r3, #1
 80008b6:	4619      	mov	r1, r3
 80008b8:	687b      	ldr	r3, [r7, #4]
 80008ba:	400b      	ands	r3, r1
           ((PreemptPriority & ((1 << (PreemptPriorityBits)) - 1)) << SubPriorityBits) |
 80008bc:	4313      	orrs	r3, r2
         );
}
 80008be:	4618      	mov	r0, r3
 80008c0:	3724      	adds	r7, #36	; 0x24
 80008c2:	46bd      	mov	sp, r7
 80008c4:	f85d 7b04 	ldr.w	r7, [sp], #4
 80008c8:	4770      	bx	lr

080008ca <NVIC_DecodePriority>:
    \param [in]     PriorityGroup  Used priority group.
    \param [out] pPreemptPriority  Preemptive priority value (starting from 0).
    \param [out]     pSubPriority  Subpriority value (starting from 0).
 */
__STATIC_INLINE void NVIC_DecodePriority (uint32_t Priority, uint32_t PriorityGroup, uint32_t* pPreemptPriority, uint32_t* pSubPriority)
{
 80008ca:	b480      	push	{r7}
 80008cc:	b089      	sub	sp, #36	; 0x24
 80008ce:	af00      	add	r7, sp, #0
 80008d0:	60f8      	str	r0, [r7, #12]
 80008d2:	60b9      	str	r1, [r7, #8]
 80008d4:	607a      	str	r2, [r7, #4]
 80008d6:	603b      	str	r3, [r7, #0]
  uint32_t PriorityGroupTmp = (PriorityGroup & 0x07);          /* only values 0..7 are used          */
 80008d8:	68bb      	ldr	r3, [r7, #8]
 80008da:	f003 0307 	and.w	r3, r3, #7
 80008de:	61fb      	str	r3, [r7, #28]
  uint32_t PreemptPriorityBits;
  uint32_t SubPriorityBits;

  PreemptPriorityBits = ((7 - PriorityGroupTmp) > __NVIC_PRIO_BITS) ? __NVIC_PRIO_BITS : 7 - PriorityGroupTmp;
 80008e0:	69fb      	ldr	r3, [r7, #28]
 80008e2:	f1c3 0307 	rsb	r3, r3, #7
 80008e6:	2b04      	cmp	r3, #4
 80008e8:	bf28      	it	cs
 80008ea:	2304      	movcs	r3, #4
 80008ec:	61bb      	str	r3, [r7, #24]
  SubPriorityBits     = ((PriorityGroupTmp + __NVIC_PRIO_BITS) < 7) ? 0 : PriorityGroupTmp - 7 + __NVIC_PRIO_BITS;
 80008ee:	69fb      	ldr	r3, [r7, #28]
 80008f0:	3304      	adds	r3, #4
 80008f2:	2b06      	cmp	r3, #6
 80008f4:	d902      	bls.n	80008fc <NVIC_DecodePriority+0x32>
 80008f6:	69fb      	ldr	r3, [r7, #28]
 80008f8:	3b03      	subs	r3, #3
 80008fa:	e000      	b.n	80008fe <NVIC_DecodePriority+0x34>
 80008fc:	2300      	movs	r3, #0
 80008fe:	617b      	str	r3, [r7, #20]

  *pPreemptPriority = (Priority >> SubPriorityBits) & ((1 << (PreemptPriorityBits)) - 1);
 8000900:	68fa      	ldr	r2, [r7, #12]
 8000902:	697b      	ldr	r3, [r7, #20]
 8000904:	fa22 f303 	lsr.w	r3, r2, r3
 8000908:	2101      	movs	r1, #1
 800090a:	69ba      	ldr	r2, [r7, #24]
 800090c:	fa01 f202 	lsl.w	r2, r1, r2
 8000910:	3a01      	subs	r2, #1
 8000912:	401a      	ands	r2, r3
 8000914:	687b      	ldr	r3, [r7, #4]
 8000916:	601a      	str	r2, [r3, #0]
  *pSubPriority     = (Priority                   ) & ((1 << (SubPriorityBits    )) - 1);
 8000918:	2201      	movs	r2, #1
 800091a:	697b      	ldr	r3, [r7, #20]
 800091c:	fa02 f303 	lsl.w	r3, r2, r3
 8000920:	3b01      	subs	r3, #1
 8000922:	461a      	mov	r2, r3
 8000924:	68fb      	ldr	r3, [r7, #12]
 8000926:	401a      	ands	r2, r3
 8000928:	683b      	ldr	r3, [r7, #0]
 800092a:	601a      	str	r2, [r3, #0]
}
 800092c:	bf00      	nop
 800092e:	3724      	adds	r7, #36	; 0x24
 8000930:	46bd      	mov	sp, r7
 8000932:	f85d 7b04 	ldr.w	r7, [sp], #4
 8000936:	4770      	bx	lr

08000938 <NVIC_SystemReset>:
/** \brief  System Reset

    The function initiates a system reset request to reset the MCU.
 */
__STATIC_INLINE void NVIC_SystemReset(void)
{
 8000938:	b480      	push	{r7}
 800093a:	af00      	add	r7, sp, #0
    This function acts as a special kind of Data Memory Barrier.
    It completes when all explicit memory accesses before this instruction complete.
 */
__attribute__( ( always_inline ) ) __STATIC_INLINE void __DSB(void)
{
  __ASM volatile ("dsb");
 800093c:	f3bf 8f4f 	dsb	sy
}
 8000940:	bf00      	nop
  __DSB();                                                     /* Ensure all outstanding memory accesses included
                                                                  buffered write are completed before reset */
  SCB->AIRCR  = ((0x5FA << SCB_AIRCR_VECTKEY_Pos)      |
                 (SCB->AIRCR & SCB_AIRCR_PRIGROUP_Msk) |
 8000942:	4b06      	ldr	r3, [pc, #24]	; (800095c <NVIC_SystemReset+0x24>)
 8000944:	68db      	ldr	r3, [r3, #12]
 8000946:	f403 62e0 	and.w	r2, r3, #1792	; 0x700
  SCB->AIRCR  = ((0x5FA << SCB_AIRCR_VECTKEY_Pos)      |
 800094a:	4904      	ldr	r1, [pc, #16]	; (800095c <NVIC_SystemReset+0x24>)
                 (SCB->AIRCR & SCB_AIRCR_PRIGROUP_Msk) |
 800094c:	4b04      	ldr	r3, [pc, #16]	; (8000960 <NVIC_SystemReset+0x28>)
 800094e:	4313      	orrs	r3, r2
  SCB->AIRCR  = ((0x5FA << SCB_AIRCR_VECTKEY_Pos)      |
 8000950:	60cb      	str	r3, [r1, #12]
  __ASM volatile ("dsb");
 8000952:	f3bf 8f4f 	dsb	sy
}
 8000956:	bf00      	nop
                 SCB_AIRCR_SYSRESETREQ_Msk);                   /* Keep priority group unchanged */
  __DSB();                                                     /* Ensure completion of memory access */
  while(1);                                                    /* wait until reset */
 8000958:	e7fe      	b.n	8000958 <NVIC_SystemReset+0x20>
 800095a:	bf00      	nop
 800095c:	e000ed00 	.word	0xe000ed00
 8000960:	05fa0004 	.word	0x05fa0004

08000964 <SysTick_Config>:
    function <b>SysTick_Config</b> is not included. In this case, the file <b><i>device</i>.h</b>
    must contain a vendor-specific implementation of this function.

 */
__STATIC_INLINE uint32_t SysTick_Config(uint32_t ticks)
{
 8000964:	b580      	push	{r7, lr}
 8000966:	b082      	sub	sp, #8
 8000968:	af00      	add	r7, sp, #0
 800096a:	6078      	str	r0, [r7, #4]
  if ((ticks - 1) > SysTick_LOAD_RELOAD_Msk)  return (1);      /* Reload value impossible */
 800096c:	687b      	ldr	r3, [r7, #4]
 800096e:	3b01      	subs	r3, #1
 8000970:	f1b3 7f80 	cmp.w	r3, #16777216	; 0x1000000
 8000974:	d301      	bcc.n	800097a <SysTick_Config+0x16>
 8000976:	2301      	movs	r3, #1
 8000978:	e00f      	b.n	800099a <SysTick_Config+0x36>

  SysTick->LOAD  = ticks - 1;                                  /* set reload register */
 800097a:	4a0a      	ldr	r2, [pc, #40]	; (80009a4 <SysTick_Config+0x40>)
 800097c:	687b      	ldr	r3, [r7, #4]
 800097e:	3b01      	subs	r3, #1
 8000980:	6053      	str	r3, [r2, #4]
  NVIC_SetPriority (SysTick_IRQn, (1<<__NVIC_PRIO_BITS) - 1);  /* set Priority for Systick Interrupt */
 8000982:	210f      	movs	r1, #15
 8000984:	f04f 30ff 	mov.w	r0, #4294967295
 8000988:	f7ff ff1a 	bl	80007c0 <NVIC_SetPriority>
  SysTick->VAL   = 0;                                          /* Load the SysTick Counter Value */
 800098c:	4b05      	ldr	r3, [pc, #20]	; (80009a4 <SysTick_Config+0x40>)
 800098e:	2200      	movs	r2, #0
 8000990:	609a      	str	r2, [r3, #8]
  SysTick->CTRL  = SysTick_CTRL_CLKSOURCE_Msk |
 8000992:	4b04      	ldr	r3, [pc, #16]	; (80009a4 <SysTick_Config+0x40>)
 8000994:	2207      	movs	r2, #7
 8000996:	601a      	str	r2, [r3, #0]
                   SysTick_CTRL_TICKINT_Msk   |
                   SysTick_CTRL_ENABLE_Msk;                    /* Enable SysTick IRQ and SysTick Timer */
  return (0);                                                  /* Function successful */
 8000998:	2300      	movs	r3, #0
}
 800099a:	4618      	mov	r0, r3
 800099c:	3708      	adds	r7, #8
 800099e:	46bd      	mov	sp, r7
 80009a0:	bd80      	pop	{r7, pc}
 80009a2:	bf00      	nop
 80009a4:	e000e010 	.word	0xe000e010

080009a8 <HAL_NVIC_SetPriorityGrouping>:
  * @note   When the NVIC_PriorityGroup_0 is selected, IRQ pre-emption is no more possible. 
  *         The pending IRQ priority will be managed only by the subpriority. 
  * @retval None
  */
void HAL_NVIC_SetPriorityGrouping(uint32_t PriorityGroup)
{
 80009a8:	b580      	push	{r7, lr}
 80009aa:	b082      	sub	sp, #8
 80009ac:	af00      	add	r7, sp, #0
 80009ae:	6078      	str	r0, [r7, #4]
  /* Check the parameters */
  assert_param(IS_NVIC_PRIORITY_GROUP(PriorityGroup));
  
  /* Set the PRIGROUP[10:8] bits according to the PriorityGroup parameter value */
  NVIC_SetPriorityGrouping(PriorityGroup);
 80009b0:	6878      	ldr	r0, [r7, #4]
 80009b2:	f7ff fe2b 	bl	800060c <NVIC_SetPriorityGrouping>
}
 80009b6:	bf00      	nop
 80009b8:	3708      	adds	r7, #8
 80009ba:	46bd      	mov	sp, r7
 80009bc:	bd80      	pop	{r7, pc}

080009be <HAL_NVIC_SetPriority>:
  *         This parameter can be a value between 0 and 15
  *         A lower priority value indicates a higher priority.          
  * @retval None
  */
void HAL_NVIC_SetPriority(IRQn_Type IRQn, uint32_t PreemptPriority, uint32_t SubPriority)
{ 
 80009be:	b580      	push	{r7, lr}
 80009c0:	b086      	sub	sp, #24
 80009c2:	af00      	add	r7, sp, #0
 80009c4:	4603      	mov	r3, r0
 80009c6:	60b9      	str	r1, [r7, #8]
 80009c8:	607a      	str	r2, [r7, #4]
 80009ca:	73fb      	strb	r3, [r7, #15]
  uint32_t prioritygroup = 0x00;
 80009cc:	2300      	movs	r3, #0
 80009ce:	617b      	str	r3, [r7, #20]
  
  /* Check the parameters */
  assert_param(IS_NVIC_SUB_PRIORITY(SubPriority));
  assert_param(IS_NVIC_PREEMPTION_PRIORITY(PreemptPriority));
  
  prioritygroup = NVIC_GetPriorityGrouping();
 80009d0:	f7ff fe40 	bl	8000654 <NVIC_GetPriorityGrouping>
 80009d4:	6178      	str	r0, [r7, #20]
  
  NVIC_SetPriority(IRQn, NVIC_EncodePriority(prioritygroup, PreemptPriority, SubPriority));
 80009d6:	687a      	ldr	r2, [r7, #4]
 80009d8:	68b9      	ldr	r1, [r7, #8]
 80009da:	6978      	ldr	r0, [r7, #20]
 80009dc:	f7ff ff42 	bl	8000864 <NVIC_EncodePriority>
 80009e0:	4602      	mov	r2, r0
 80009e2:	f997 300f 	ldrsb.w	r3, [r7, #15]
 80009e6:	4611      	mov	r1, r2
 80009e8:	4618      	mov	r0, r3
 80009ea:	f7ff fee9 	bl	80007c0 <NVIC_SetPriority>
}
 80009ee:	bf00      	nop
 80009f0:	3718      	adds	r7, #24
 80009f2:	46bd      	mov	sp, r7
 80009f4:	bd80      	pop	{r7, pc}

080009f6 <HAL_NVIC_EnableIRQ>:
  *         This parameter can be an enumerator of @ref IRQn_Type enumeration
  *         (For the complete STM32 Devices IRQ Channels list, please refer to stm32f4xx.h file)  
  * @retval None
  */
void HAL_NVIC_EnableIRQ(IRQn_Type IRQn)
{
 80009f6:	b580      	push	{r7, lr}
 80009f8:	b082      	sub	sp, #8
 80009fa:	af00      	add	r7, sp, #0
 80009fc:	4603      	mov	r3, r0
 80009fe:	71fb      	strb	r3, [r7, #7]
  /* Enable interrupt */
  NVIC_EnableIRQ(IRQn);
 8000a00:	f997 3007 	ldrsb.w	r3, [r7, #7]
 8000a04:	4618      	mov	r0, r3
 8000a06:	f7ff fe33 	bl	8000670 <NVIC_EnableIRQ>
}
 8000a0a:	bf00      	nop
 8000a0c:	3708      	adds	r7, #8
 8000a0e:	46bd      	mov	sp, r7
 8000a10:	bd80      	pop	{r7, pc}

08000a12 <HAL_NVIC_DisableIRQ>:
  *         This parameter can be an enumerator of @ref IRQn_Type enumeration
  *         (For the complete STM32 Devices IRQ Channels list, please refer to stm32f4xx.h file)  
  * @retval None
  */
void HAL_NVIC_DisableIRQ(IRQn_Type IRQn)
{
 8000a12:	b580      	push	{r7, lr}
 8000a14:	b082      	sub	sp, #8
 8000a16:	af00      	add	r7, sp, #0
 8000a18:	4603      	mov	r3, r0
 8000a1a:	71fb      	strb	r3, [r7, #7]
  /* Disable interrupt */
  NVIC_DisableIRQ(IRQn);
 8000a1c:	f997 3007 	ldrsb.w	r3, [r7, #7]
 8000a20:	4618      	mov	r0, r3
 8000a22:	f7ff fe3f 	bl	80006a4 <NVIC_DisableIRQ>
}
 8000a26:	bf00      	nop
 8000a28:	3708      	adds	r7, #8
 8000a2a:	46bd      	mov	sp, r7
 8000a2c:	bd80      	pop	{r7, pc}

08000a2e <HAL_NVIC_SystemReset>:
  * @brief  Initiates a system reset request to reset the MCU.
  * @param None
  * @retval None
  */
void HAL_NVIC_SystemReset(void)
{
 8000a2e:	b580      	push	{r7, lr}
 8000a30:	af00      	add	r7, sp, #0
  /* System Reset */
  NVIC_SystemReset();
 8000a32:	f7ff ff81 	bl	8000938 <NVIC_SystemReset>
}
 8000a36:	bf00      	nop
 8000a38:	bd80      	pop	{r7, pc}

08000a3a <HAL_SYSTICK_Config>:
  * @param  TicksNumb: Specifies the ticks Number of ticks between two interrupts.
  * @retval status:  - 0  Function succeeded.
  *                  - 1  Function failed.
  */
uint32_t HAL_SYSTICK_Config(uint32_t TicksNumb)
{
 8000a3a:	b580      	push	{r7, lr}
 8000a3c:	b082      	sub	sp, #8
 8000a3e:	af00      	add	r7, sp, #0
 8000a40:	6078      	str	r0, [r7, #4]
   return SysTick_Config(TicksNumb);
 8000a42:	6878      	ldr	r0, [r7, #4]
 8000a44:	f7ff ff8e 	bl	8000964 <SysTick_Config>
 8000a48:	4603      	mov	r3, r0
}
 8000a4a:	4618      	mov	r0, r3
 8000a4c:	3708      	adds	r7, #8
 8000a4e:	46bd      	mov	sp, r7
 8000a50:	bd80      	pop	{r7, pc}

08000a52 <HAL_NVIC_GetPriorityGrouping>:
  * @brief  Gets the priority grouping field from the NVIC Interrupt Controller.
  * @param  None
  * @retval Priority grouping field (SCB->AIRCR [10:8] PRIGROUP field)
  */
uint32_t HAL_NVIC_GetPriorityGrouping(void)
{
 8000a52:	b580      	push	{r7, lr}
 8000a54:	af00      	add	r7, sp, #0
  /* Get the PRIGROUP[10:8] field value */
  return NVIC_GetPriorityGrouping();
 8000a56:	f7ff fdfd 	bl	8000654 <NVIC_GetPriorityGrouping>
 8000a5a:	4603      	mov	r3, r0
}
 8000a5c:	4618      	mov	r0, r3
 8000a5e:	bd80      	pop	{r7, pc}

08000a60 <HAL_NVIC_GetPriority>:
  * @param  pPreemptPriority: Pointer on the Preemptive priority value (starting from 0).
  * @param  pSubPriority: Pointer on the Subpriority value (starting from 0).
  * @retval None
  */
void HAL_NVIC_GetPriority(IRQn_Type IRQn, uint32_t PriorityGroup, uint32_t *pPreemptPriority, uint32_t *pSubPriority)
{
 8000a60:	b580      	push	{r7, lr}
 8000a62:	b084      	sub	sp, #16
 8000a64:	af00      	add	r7, sp, #0
 8000a66:	60b9      	str	r1, [r7, #8]
 8000a68:	607a      	str	r2, [r7, #4]
 8000a6a:	603b      	str	r3, [r7, #0]
 8000a6c:	4603      	mov	r3, r0
 8000a6e:	73fb      	strb	r3, [r7, #15]
  /* Check the parameters */
  assert_param(IS_NVIC_PRIORITY_GROUP(PriorityGroup));
 /* Get priority for Cortex-M system or device specific interrupts */
  NVIC_DecodePriority(NVIC_GetPriority(IRQn), PriorityGroup, pPreemptPriority, pSubPriority);
 8000a70:	f997 300f 	ldrsb.w	r3, [r7, #15]
 8000a74:	4618      	mov	r0, r3
 8000a76:	f7ff fecd 	bl	8000814 <NVIC_GetPriority>
 8000a7a:	683b      	ldr	r3, [r7, #0]
 8000a7c:	687a      	ldr	r2, [r7, #4]
 8000a7e:	68b9      	ldr	r1, [r7, #8]
 8000a80:	f7ff ff23 	bl	80008ca <NVIC_DecodePriority>
}
 8000a84:	bf00      	nop
 8000a86:	3710      	adds	r7, #16
 8000a88:	46bd      	mov	sp, r7
 8000a8a:	bd80      	pop	{r7, pc}

08000a8c <HAL_NVIC_SetPendingIRQ>:
  *         This parameter can be an enumerator of @ref IRQn_Type enumeration
  *         (For the complete STM32 Devices IRQ Channels list, please refer to stm32f4xx.h file)  
  * @retval None
  */
void HAL_NVIC_SetPendingIRQ(IRQn_Type IRQn)
{ 
 8000a8c:	b580      	push	{r7, lr}
 8000a8e:	b082      	sub	sp, #8
 8000a90:	af00      	add	r7, sp, #0
 8000a92:	4603      	mov	r3, r0
 8000a94:	71fb      	strb	r3, [r7, #7]
  /* Set interrupt pending */
  NVIC_SetPendingIRQ(IRQn);
 8000a96:	f997 3007 	ldrsb.w	r3, [r7, #7]
 8000a9a:	4618      	mov	r0, r3
 8000a9c:	f7ff fe3c 	bl	8000718 <NVIC_SetPendingIRQ>
}
 8000aa0:	bf00      	nop
 8000aa2:	3708      	adds	r7, #8
 8000aa4:	46bd      	mov	sp, r7
 8000aa6:	bd80      	pop	{r7, pc}

08000aa8 <HAL_NVIC_GetPendingIRQ>:
  *          (For the complete STM32 Devices IRQ Channels list, please refer to stm32f4xx.h file)  
  * @retval status: - 0  Interrupt status is not pending.
  *                 - 1  Interrupt status is pending.
  */
uint32_t HAL_NVIC_GetPendingIRQ(IRQn_Type IRQn)
{ 
 8000aa8:	b580      	push	{r7, lr}
 8000aaa:	b082      	sub	sp, #8
 8000aac:	af00      	add	r7, sp, #0
 8000aae:	4603      	mov	r3, r0
 8000ab0:	71fb      	strb	r3, [r7, #7]
  /* Return 1 if pending else 0 */
  return NVIC_GetPendingIRQ(IRQn);
 8000ab2:	f997 3007 	ldrsb.w	r3, [r7, #7]
 8000ab6:	4618      	mov	r0, r3
 8000ab8:	f7ff fe0e 	bl	80006d8 <NVIC_GetPendingIRQ>
 8000abc:	4603      	mov	r3, r0
}
 8000abe:	4618      	mov	r0, r3
 8000ac0:	3708      	adds	r7, #8
 8000ac2:	46bd      	mov	sp, r7
 8000ac4:	bd80      	pop	{r7, pc}

08000ac6 <HAL_NVIC_ClearPendingIRQ>:
  *         This parameter can be an enumerator of @ref IRQn_Type enumeration
  *         (For the complete STM32 Devices IRQ Channels list, please refer to stm32f4xx.h file)  
  * @retval None
  */
void HAL_NVIC_ClearPendingIRQ(IRQn_Type IRQn)
{ 
 8000ac6:	b580      	push	{r7, lr}
 8000ac8:	b082      	sub	sp, #8
 8000aca:	af00      	add	r7, sp, #0
 8000acc:	4603      	mov	r3, r0
 8000ace:	71fb      	strb	r3, [r7, #7]
  /* Clear pending interrupt */
  NVIC_ClearPendingIRQ(IRQn);
 8000ad0:	f997 3007 	ldrsb.w	r3, [r7, #7]
 8000ad4:	4618      	mov	r0, r3
 8000ad6:	f7ff fe39 	bl	800074c <NVIC_ClearPendingIRQ>
}
 8000ada:	bf00      	nop
 8000adc:	3708      	adds	r7, #8
 8000ade:	46bd      	mov	sp, r7
 8000ae0:	bd80      	pop	{r7, pc}

08000ae2 <HAL_NVIC_GetActive>:
  *         (For the complete STM32 Devices IRQ Channels list, please refer to stm32f4xx.h file)  
  * @retval status: - 0  Interrupt status is not pending.
  *                 - 1  Interrupt status is pending.
  */
uint32_t HAL_NVIC_GetActive(IRQn_Type IRQn)
{ 
 8000ae2:	b580      	push	{r7, lr}
 8000ae4:	b082      	sub	sp, #8
 8000ae6:	af00      	add	r7, sp, #0
 8000ae8:	4603      	mov	r3, r0
 8000aea:	71fb      	strb	r3, [r7, #7]
  /* Return 1 if active else 0 */
  return NVIC_GetActive(IRQn);
 8000aec:	f997 3007 	ldrsb.w	r3, [r7, #7]
 8000af0:	4618      	mov	r0, r3
 8000af2:	f7ff fe45 	bl	8000780 <NVIC_GetActive>
 8000af6:	4603      	mov	r3, r0
}
 8000af8:	4618      	mov	r0, r3
 8000afa:	3708      	adds	r7, #8
 8000afc:	46bd      	mov	sp, r7
 8000afe:	bd80      	pop	{r7, pc}

08000b00 <HAL_SYSTICK_CLKSourceConfig>:
  *             @arg SYSTICK_CLKSOURCE_HCLK_DIV8: AHB clock divided by 8 selected as SysTick clock source.
  *             @arg SYSTICK_CLKSOURCE_HCLK: AHB clock selected as SysTick clock source.
  * @retval None
  */
void HAL_SYSTICK_CLKSourceConfig(uint32_t CLKSource)
{
 8000b00:	b480      	push	{r7}
 8000b02:	b083      	sub	sp, #12
 8000b04:	af00      	add	r7, sp, #0
 8000b06:	6078      	str	r0, [r7, #4]
  /* Check the parameters */
  assert_param(IS_SYSTICK_CLK_SOURCE(CLKSource));
  if (CLKSource == SYSTICK_CLKSOURCE_HCLK)
 8000b08:	687b      	ldr	r3, [r7, #4]
 8000b0a:	2b04      	cmp	r3, #4
 8000b0c:	d106      	bne.n	8000b1c <HAL_SYSTICK_CLKSourceConfig+0x1c>
  {
    SysTick->CTRL |= SYSTICK_CLKSOURCE_HCLK;
 8000b0e:	4b09      	ldr	r3, [pc, #36]	; (8000b34 <HAL_SYSTICK_CLKSourceConfig+0x34>)
 8000b10:	681b      	ldr	r3, [r3, #0]
 8000b12:	4a08      	ldr	r2, [pc, #32]	; (8000b34 <HAL_SYSTICK_CLKSourceConfig+0x34>)
 8000b14:	f043 0304 	orr.w	r3, r3, #4
 8000b18:	6013      	str	r3, [r2, #0]
  }
  else
  {
    SysTick->CTRL &= ~SYSTICK_CLKSOURCE_HCLK;
  }
}
 8000b1a:	e005      	b.n	8000b28 <HAL_SYSTICK_CLKSourceConfig+0x28>
    SysTick->CTRL &= ~SYSTICK_CLKSOURCE_HCLK;
 8000b1c:	4b05      	ldr	r3, [pc, #20]	; (8000b34 <HAL_SYSTICK_CLKSourceConfig+0x34>)
 8000b1e:	681b      	ldr	r3, [r3, #0]
 8000b20:	4a04      	ldr	r2, [pc, #16]	; (8000b34 <HAL_SYSTICK_CLKSourceConfig+0x34>)
 8000b22:	f023 0304 	bic.w	r3, r3, #4
 8000b26:	6013      	str	r3, [r2, #0]
}
 8000b28:	bf00      	nop
 8000b2a:	370c      	adds	r7, #12
 8000b2c:	46bd      	mov	sp, r7
 8000b2e:	f85d 7b04 	ldr.w	r7, [sp], #4
 8000b32:	4770      	bx	lr
 8000b34:	e000e010 	.word	0xe000e010

08000b38 <HAL_SYSTICK_IRQHandler>:
  * @brief  This function handles SYSTICK interrupt request.
  * @param  None
  * @retval None
  */
void HAL_SYSTICK_IRQHandler(void)
{
 8000b38:	b580      	push	{r7, lr}
 8000b3a:	af00      	add	r7, sp, #0
  HAL_SYSTICK_Callback();
 8000b3c:	f000 f802 	bl	8000b44 <HAL_SYSTICK_Callback>
}
 8000b40:	bf00      	nop
 8000b42:	bd80      	pop	{r7, pc}

08000b44 <HAL_SYSTICK_Callback>:
  * @brief  SYSTICK callback.
  * @param  None
  * @retval None
  */
__weak void HAL_SYSTICK_Callback(void)
{
 8000b44:	b480      	push	{r7}
 8000b46:	af00      	add	r7, sp, #0
  /* NOTE : This function Should not be modified, when the callback is needed,
            the HAL_SYSTICK_Callback could be implemented in the user file
   */
}
 8000b48:	bf00      	nop
 8000b4a:	46bd      	mov	sp, r7
 8000b4c:	f85d 7b04 	ldr.w	r7, [sp], #4
 8000b50:	4770      	bx	lr
 8000b52:	bf00      	nop

08000b54 <__libc_init_array>:
 8000b54:	b570      	push	{r4, r5, r6, lr}
 8000b56:	4e0d      	ldr	r6, [pc, #52]	; (8000b8c <__libc_init_array+0x38>)
 8000b58:	4d0d      	ldr	r5, [pc, #52]	; (8000b90 <__libc_init_array+0x3c>)
 8000b5a:	1b76      	subs	r6, r6, r5
 8000b5c:	10b6      	asrs	r6, r6, #2
 8000b5e:	d006      	beq.n	8000b6e <__libc_init_array+0x1a>
 8000b60:	2400      	movs	r4, #0
 8000b62:	f855 3b04 	ldr.w	r3, [r5], #4
 8000b66:	3401      	adds	r4, #1
 8000b68:	4798      	blx	r3
 8000b6a:	42a6      	cmp	r6, r4
 8000b6c:	d1f9      	bne.n	8000b62 <__libc_init_array+0xe>
 8000b6e:	4e09      	ldr	r6, [pc, #36]	; (8000b94 <__libc_init_array+0x40>)
 8000b70:	4d09      	ldr	r5, [pc, #36]	; (8000b98 <__libc_init_array+0x44>)
 8000b72:	1b76      	subs	r6, r6, r5
 8000b74:	f000 f882 	bl	8000c7c <_init>
 8000b78:	10b6      	asrs	r6, r6, #2
 8000b7a:	d006      	beq.n	8000b8a <__libc_init_array+0x36>
 8000b7c:	2400      	movs	r4, #0
 8000b7e:	f855 3b04 	ldr.w	r3, [r5], #4
 8000b82:	3401      	adds	r4, #1
 8000b84:	4798      	blx	r3
 8000b86:	42a6      	cmp	r6, r4
 8000b88:	d1f9      	bne.n	8000b7e <__libc_init_array+0x2a>
 8000b8a:	bd70      	pop	{r4, r5, r6, pc}
 8000b8c:	2000042c 	.word	0x2000042c
 8000b90:	2000042c 	.word	0x2000042c
 8000b94:	20000434 	.word	0x20000434
 8000b98:	2000042c 	.word	0x2000042c

08000b9c <register_fini>:
 8000b9c:	4b02      	ldr	r3, [pc, #8]	; (8000ba8 <register_fini+0xc>)
 8000b9e:	b113      	cbz	r3, 8000ba6 <register_fini+0xa>
 8000ba0:	4802      	ldr	r0, [pc, #8]	; (8000bac <register_fini+0x10>)
 8000ba2:	f000 b805 	b.w	8000bb0 <atexit>
 8000ba6:	4770      	bx	lr
 8000ba8:	00000000 	.word	0x00000000
 8000bac:	08000bbd 	.word	0x08000bbd

08000bb0 <atexit>:
 8000bb0:	2300      	movs	r3, #0
 8000bb2:	4601      	mov	r1, r0
 8000bb4:	461a      	mov	r2, r3
 8000bb6:	4618      	mov	r0, r3
 8000bb8:	f000 b81a 	b.w	8000bf0 <__register_exitproc>

08000bbc <__libc_fini_array>:
 8000bbc:	b538      	push	{r3, r4, r5, lr}
 8000bbe:	4b08      	ldr	r3, [pc, #32]	; (8000be0 <__libc_fini_array+0x24>)
 8000bc0:	4d08      	ldr	r5, [pc, #32]	; (8000be4 <__libc_fini_array+0x28>)
 8000bc2:	1b5b      	subs	r3, r3, r5
 8000bc4:	109c      	asrs	r4, r3, #2
 8000bc6:	d007      	beq.n	8000bd8 <__libc_fini_array+0x1c>
 8000bc8:	3b04      	subs	r3, #4
 8000bca:	441d      	add	r5, r3
 8000bcc:	3c01      	subs	r4, #1
 8000bce:	f855 3904 	ldr.w	r3, [r5], #-4
 8000bd2:	4798      	blx	r3
 8000bd4:	2c00      	cmp	r4, #0
 8000bd6:	d1f9      	bne.n	8000bcc <__libc_fini_array+0x10>
 8000bd8:	e8bd 4038 	ldmia.w	sp!, {r3, r4, r5, lr}
 8000bdc:	f000 b854 	b.w	8000c88 <_fini>
 8000be0:	20000438 	.word	0x20000438
 8000be4:	20000434 	.word	0x20000434

08000be8 <__retarget_lock_acquire_recursive>:
 8000be8:	4770      	bx	lr
 8000bea:	bf00      	nop

08000bec <__retarget_lock_release_recursive>:
 8000bec:	4770      	bx	lr
 8000bee:	bf00      	nop

08000bf0 <__register_exitproc>:
 8000bf0:	e92d 47f0 	stmdb	sp!, {r4, r5, r6, r7, r8, r9, sl, lr}
 8000bf4:	f8df a080 	ldr.w	sl, [pc, #128]	; 8000c78 <__register_exitproc+0x88>
 8000bf8:	4606      	mov	r6, r0
 8000bfa:	f8da 0000 	ldr.w	r0, [sl]
 8000bfe:	4698      	mov	r8, r3
 8000c00:	460f      	mov	r7, r1
 8000c02:	4691      	mov	r9, r2
 8000c04:	f7ff fff0 	bl	8000be8 <__retarget_lock_acquire_recursive>
 8000c08:	4b1a      	ldr	r3, [pc, #104]	; (8000c74 <__register_exitproc+0x84>)
 8000c0a:	681b      	ldr	r3, [r3, #0]
 8000c0c:	f8d3 4148 	ldr.w	r4, [r3, #328]	; 0x148
 8000c10:	b324      	cbz	r4, 8000c5c <__register_exitproc+0x6c>
 8000c12:	6865      	ldr	r5, [r4, #4]
 8000c14:	2d1f      	cmp	r5, #31
 8000c16:	dc26      	bgt.n	8000c66 <__register_exitproc+0x76>
 8000c18:	b95e      	cbnz	r6, 8000c32 <__register_exitproc+0x42>
 8000c1a:	1c6b      	adds	r3, r5, #1
 8000c1c:	3502      	adds	r5, #2
 8000c1e:	f8da 0000 	ldr.w	r0, [sl]
 8000c22:	6063      	str	r3, [r4, #4]
 8000c24:	f844 7025 	str.w	r7, [r4, r5, lsl #2]
 8000c28:	f7ff ffe0 	bl	8000bec <__retarget_lock_release_recursive>
 8000c2c:	2000      	movs	r0, #0
 8000c2e:	e8bd 87f0 	ldmia.w	sp!, {r4, r5, r6, r7, r8, r9, sl, pc}
 8000c32:	eb04 0185 	add.w	r1, r4, r5, lsl #2
 8000c36:	2301      	movs	r3, #1
 8000c38:	f8c1 9088 	str.w	r9, [r1, #136]	; 0x88
 8000c3c:	f8d4 2188 	ldr.w	r2, [r4, #392]	; 0x188
 8000c40:	40ab      	lsls	r3, r5
 8000c42:	431a      	orrs	r2, r3
 8000c44:	2e02      	cmp	r6, #2
 8000c46:	f8c4 2188 	str.w	r2, [r4, #392]	; 0x188
 8000c4a:	f8c1 8108 	str.w	r8, [r1, #264]	; 0x108
 8000c4e:	d1e4      	bne.n	8000c1a <__register_exitproc+0x2a>
 8000c50:	f8d4 218c 	ldr.w	r2, [r4, #396]	; 0x18c
 8000c54:	4313      	orrs	r3, r2
 8000c56:	f8c4 318c 	str.w	r3, [r4, #396]	; 0x18c
 8000c5a:	e7de      	b.n	8000c1a <__register_exitproc+0x2a>
 8000c5c:	f503 74a6 	add.w	r4, r3, #332	; 0x14c
 8000c60:	f8c3 4148 	str.w	r4, [r3, #328]	; 0x148
 8000c64:	e7d5      	b.n	8000c12 <__register_exitproc+0x22>
 8000c66:	f8da 0000 	ldr.w	r0, [sl]
 8000c6a:	f7ff ffbf 	bl	8000bec <__retarget_lock_release_recursive>
 8000c6e:	f04f 30ff 	mov.w	r0, #4294967295
 8000c72:	e7dc      	b.n	8000c2e <__register_exitproc+0x3e>
 8000c74:	08000c94 	.word	0x08000c94
 8000c78:	20000428 	.word	0x20000428

08000c7c <_init>:
 8000c7c:	b5f8      	push	{r3, r4, r5, r6, r7, lr}
 8000c7e:	bf00      	nop
 8000c80:	bcf8      	pop	{r3, r4, r5, r6, r7}
 8000c82:	bc08      	pop	{r3}
 8000c84:	469e      	mov	lr, r3
 8000c86:	4770      	bx	lr

08000c88 <_fini>:
 8000c88:	b5f8      	push	{r3, r4, r5, r6, r7, lr}
 8000c8a:	bf00      	nop
 8000c8c:	bcf8      	pop	{r3, r4, r5, r6, r7}
 8000c8e:	bc08      	pop	{r3}
 8000c90:	469e      	mov	lr, r3
 8000c92:	4770      	bx	lr

08000c94 <_global_impure_ptr>:
 8000c94:	0000 2000                                   ... 

08000c98 <__EH_FRAME_BEGIN__>:
 8000c98:	0000 0000                                   ....
